g++ -O2 -std=c++20 -fopenmp -o bin/openmp src/openmp.cpp -lm
Built: openmp
=== Network IDS: OpenMP (8 threads) ===
Train: 50000 | Test: 20000 | Features: 52 | Classes: 7
  SVM(0v1) Epoch 1/50 | Errors: 12/230
  SVM(0v1) Epoch 2/50 | Errors: 0/230
  SVM(0v2) Epoch 1/50 | Errors: 17/500
  SVM(0v2) Epoch 2/50 | Errors: 5/500
  SVM(0v2) Epoch 3/50 | Errors: 6/500
  SVM(0v2) Epoch 4/50 | Errors: 4/500
  SVM(0v2) Epoch 5/50 | Errors: 2/500
  SVM(0v2) Epoch 6/50 | Errors: 6/500
  SVM(0v2) Epoch 7/50 | Errors: 2/500
  SVM(0v2) Epoch 8/50 | Errors: 2/500
  SVM(0v2) Epoch 9/50 | Errors: 2/500
  SVM(0v2) Epoch 10/50 | Errors: 0/500
  SVM(0v3) Epoch 1/50 | Errors: 5/500
  SVM(0v3) Epoch 2/50 | Errors: 4/500
  SVM(0v3) Epoch 3/50 | Errors: 4/500
  SVM(0v3) Epoch 4/50 | Errors: 4/500
  SVM(0v3) Epoch 5/50 | Errors: 4/500
  SVM(0v3) Epoch 6/50 | Errors: 2/500
  SVM(0v3) Epoch 7/50 | Errors: 0/500
  SVM(0v4) Epoch 1/50 | Errors: 3/500
  SVM(0v4) Epoch 2/50 | Errors: 2/500
  SVM(0v4) Epoch 3/50 | Errors: 2/500
  SVM(0v4) Epoch 4/50 | Errors: 2/500
  SVM(0v4) Epoch 5/50 | Errors: 2/500
  SVM(0v4) Epoch 6/50 | Errors: 2/500
  SVM(0v4) Epoch 7/50 | Errors: 2/500
  SVM(0v4) Epoch 8/50 | Errors: 2/500
  SVM(0v4) Epoch 9/50 | Errors: 2/500
  SVM(0v4) Epoch 10/50 | Errors: 2/500
  SVM(0v4) Epoch 11/50 | Errors: 2/500
  SVM(0v4) Epoch 12/50 | Errors: 2/500
  SVM(0v4) Epoch 13/50 | Errors: 2/500
  SVM(0v4) Epoch 14/50 | Errors: 2/500
  SVM(0v4) Epoch 15/50 | Errors: 2/500
  SVM(0v4) Epoch 16/50 | Errors: 2/500
  SVM(0v4) Epoch 17/50 | Errors: 2/500
  SVM(0v4) Epoch 18/50 | Errors: 2/500
  SVM(0v4) Epoch 19/50 | Errors: 2/500
  SVM(0v4) Epoch 20/50 | Errors: 2/500
  SVM(0v4) Epoch 21/50 | Errors: 2/500
  SVM(0v4) Epoch 22/50 | Errors: 2/500
  SVM(0v4) Epoch 23/50 | Errors: 2/500
  SVM(0v4) Epoch 24/50 | Errors: 2/500
  SVM(0v4) Epoch 25/50 | Errors: 2/500
  SVM(0v4) Epoch 26/50 | Errors: 2/500
  SVM(0v4) Epoch 27/50 | Errors: 2/500
  SVM(0v4) Epoch 28/50 | Errors: 2/500
  SVM(0v4) Epoch 29/50 | Errors: 2/500
  SVM(0v4) Epoch 30/50 | Errors: 2/500
  SVM(0v4) Epoch 31/50 | Errors: 2/500
  SVM(0v4) Epoch 32/50 | Errors: 2/500
  SVM(0v4) Epoch 33/50 | Errors: 2/500
  SVM(0v4) Epoch 34/50 | Errors: 2/500
  SVM(0v4) Epoch 35/50 | Errors: 2/500
  SVM(0v4) Epoch 36/50 | Errors: 2/500
  SVM(0v4) Epoch 37/50 | Errors: 2/500
  SVM(0v4) Epoch 38/50 | Errors: 2/500
  SVM(0v4) Epoch 39/50 | Errors: 2/500
  SVM(0v4) Epoch 40/50 | Errors: 2/500
  SVM(0v4) Epoch 41/50 | Errors: 2/500
  SVM(0v4) Epoch 42/50 | Errors: 2/500
  SVM(0v4) Epoch 43/50 | Errors: 2/500
  SVM(0v4) Epoch 44/50 | Errors: 2/500
  SVM(0v4) Epoch 45/50 | Errors: 2/500
  SVM(0v4) Epoch 46/50 | Errors: 2/500
  SVM(0v4) Epoch 47/50 | Errors: 2/500
  SVM(0v4) Epoch 48/50 | Errors: 2/500
  SVM(0v4) Epoch 49/50 | Errors: 2/500
  SVM(0v4) Epoch 50/50 | Errors: 2/500
  SVM(0v5) Epoch 1/50 | Errors: 13/500
  SVM(0v5) Epoch 2/50 | Errors: 12/500
  SVM(0v5) Epoch 3/50 | Errors: 12/500
  SVM(0v5) Epoch 4/50 | Errors: 12/500
  SVM(0v5) Epoch 5/50 | Errors: 12/500
  SVM(0v5) Epoch 6/50 | Errors: 12/500
  SVM(0v5) Epoch 7/50 | Errors: 12/500
  SVM(0v5) Epoch 8/50 | Errors: 12/500
  SVM(0v5) Epoch 9/50 | Errors: 12/500
  SVM(0v5) Epoch 10/50 | Errors: 12/500
  SVM(0v5) Epoch 11/50 | Errors: 12/500
  SVM(0v5) Epoch 12/50 | Errors: 12/500
  SVM(0v5) Epoch 13/50 | Errors: 12/500
  SVM(0v5) Epoch 14/50 | Errors: 12/500
  SVM(0v5) Epoch 15/50 | Errors: 12/500
  SVM(0v5) Epoch 16/50 | Errors: 12/500
  SVM(0v5) Epoch 17/50 | Errors: 12/500
  SVM(0v5) Epoch 18/50 | Errors: 12/500
  SVM(0v5) Epoch 19/50 | Errors: 13/500
  SVM(0v5) Epoch 20/50 | Errors: 11/500
  SVM(0v5) Epoch 21/50 | Errors: 13/500
  SVM(0v5) Epoch 22/50 | Errors: 12/500
  SVM(0v5) Epoch 23/50 | Errors: 12/500
  SVM(0v5) Epoch 24/50 | Errors: 12/500
  SVM(0v5) Epoch 25/50 | Errors: 12/500
  SVM(0v5) Epoch 26/50 | Errors: 12/500
  SVM(0v5) Epoch 27/50 | Errors: 12/500
  SVM(0v5) Epoch 28/50 | Errors: 12/500
  SVM(0v5) Epoch 29/50 | Errors: 12/500
  SVM(0v5) Epoch 30/50 | Errors: 12/500
  SVM(0v5) Epoch 31/50 | Errors: 12/500
  SVM(0v5) Epoch 32/50 | Errors: 12/500
  SVM(0v5) Epoch 33/50 | Errors: 11/500
  SVM(0v5) Epoch 34/50 | Errors: 13/500
  SVM(0v5) Epoch 35/50 | Errors: 12/500
  SVM(0v5) Epoch 36/50 | Errors: 12/500
  SVM(0v5) Epoch 37/50 | Errors: 12/500
  SVM(0v5) Epoch 38/50 | Errors: 12/500
  SVM(0v5) Epoch 39/50 | Errors: 12/500
  SVM(0v5) Epoch 40/50 | Errors: 12/500
  SVM(0v5) Epoch 41/50 | Errors: 12/500
  SVM(0v5) Epoch 42/50 | Errors: 12/500
  SVM(0v5) Epoch 43/50 | Errors: 12/500
  SVM(0v5) Epoch 44/50 | Errors: 12/500
  SVM(0v5) Epoch 45/50 | Errors: 12/500
  SVM(0v5) Epoch 46/50 | Errors: 12/500
  SVM(0v5) Epoch 47/50 | Errors: 12/500
  SVM(0v5) Epoch 48/50 | Errors: 12/500
  SVM(0v5) Epoch 49/50 | Errors: 12/500
  SVM(0v5) Epoch 50/50 | Errors: 12/500
  SVM(0v6) Epoch 1/50 | Errors: 25/72
  SVM(0v6) Epoch 2/50 | Errors: 15/72
  SVM(0v6) Epoch 3/50 | Errors: 12/72
  SVM(0v6) Epoch 4/50 | Errors: 12/72
  SVM(0v6) Epoch 5/50 | Errors: 10/72
  SVM(0v6) Epoch 6/50 | Errors: 10/72
  SVM(0v6) Epoch 7/50 | Errors: 10/72
  SVM(0v6) Epoch 8/50 | Errors: 10/72
  SVM(0v6) Epoch 9/50 | Errors: 10/72
  SVM(0v6) Epoch 10/50 | Errors: 10/72
  SVM(0v6) Epoch 11/50 | Errors: 8/72
  SVM(0v6) Epoch 12/50 | Errors: 8/72
  SVM(0v6) Epoch 13/50 | Errors: 8/72
  SVM(0v6) Epoch 14/50 | Errors: 10/72
  SVM(0v6) Epoch 15/50 | Errors: 8/72
  SVM(0v6) Epoch 16/50 | Errors: 8/72
  SVM(0v6) Epoch 17/50 | Errors: 8/72
  SVM(0v6) Epoch 18/50 | Errors: 10/72
  SVM(0v6) Epoch 19/50 | Errors: 10/72
  SVM(0v6) Epoch 20/50 | Errors: 10/72
  SVM(0v6) Epoch 21/50 | Errors: 12/72
  SVM(0v6) Epoch 22/50 | Errors: 10/72
  SVM(0v6) Epoch 23/50 | Errors: 10/72
  SVM(0v6) Epoch 24/50 | Errors: 11/72
  SVM(0v6) Epoch 25/50 | Errors: 6/72
  SVM(0v6) Epoch 26/50 | Errors: 6/72
  SVM(0v6) Epoch 27/50 | Errors: 6/72
  SVM(0v6) Epoch 28/50 | Errors: 6/72
  SVM(0v6) Epoch 29/50 | Errors: 6/72
  SVM(0v6) Epoch 30/50 | Errors: 6/72
  SVM(0v6) Epoch 31/50 | Errors: 6/72
  SVM(0v6) Epoch 32/50 | Errors: 8/72
  SVM(0v6) Epoch 33/50 | Errors: 6/72
  SVM(0v6) Epoch 34/50 | Errors: 6/72
  SVM(0v6) Epoch 35/50 | Errors: 6/72
  SVM(0v6) Epoch 36/50 | Errors: 6/72
  SVM(0v6) Epoch 37/50 | Errors: 8/72
  SVM(0v6) Epoch 38/50 | Errors: 6/72
  SVM(0v6) Epoch 39/50 | Errors: 6/72
  SVM(0v6) Epoch 40/50 | Errors: 6/72
  SVM(0v6) Epoch 41/50 | Errors: 8/72
  SVM(0v6) Epoch 42/50 | Errors: 6/72
  SVM(0v6) Epoch 43/50 | Errors: 6/72
  SVM(0v6) Epoch 44/50 | Errors: 6/72
  SVM(0v6) Epoch 45/50 | Errors: 6/72
  SVM(0v6) Epoch 46/50 | Errors: 8/72
  SVM(0v6) Epoch 47/50 | Errors: 6/72
  SVM(0v6) Epoch 48/50 | Errors: 6/72
  SVM(0v6) Epoch 49/50 | Errors: 6/72
  SVM(0v6) Epoch 50/50 | Errors: 6/72
  SVM(1v2) Epoch 1/50 | Errors: 45/500
  SVM(1v2) Epoch 2/50 | Errors: 22/500
  SVM(1v2) Epoch 3/50 | Errors: 18/500
  SVM(1v2) Epoch 4/50 | Errors: 18/500
  SVM(1v2) Epoch 5/50 | Errors: 18/500
  SVM(1v2) Epoch 6/50 | Errors: 18/500
  SVM(1v2) Epoch 7/50 | Errors: 18/500
  SVM(1v2) Epoch 8/50 | Errors: 18/500
  SVM(1v2) Epoch 9/50 | Errors: 18/500
  SVM(1v2) Epoch 10/50 | Errors: 18/500
  SVM(1v2) Epoch 11/50 | Errors: 18/500
  SVM(1v2) Epoch 12/50 | Errors: 16/500
  SVM(1v2) Epoch 13/50 | Errors: 16/500
  SVM(1v2) Epoch 14/50 | Errors: 16/500
  SVM(1v2) Epoch 15/50 | Errors: 16/500
  SVM(1v2) Epoch 16/50 | Errors: 18/500
  SVM(1v2) Epoch 17/50 | Errors: 18/500
  SVM(1v2) Epoch 18/50 | Errors: 18/500
  SVM(1v2) Epoch 19/50 | Errors: 18/500
  SVM(1v2) Epoch 20/50 | Errors: 16/500
  SVM(1v2) Epoch 21/50 | Errors: 16/500
  SVM(1v2) Epoch 22/50 | Errors: 18/500
  SVM(1v2) Epoch 23/50 | Errors: 16/500
  SVM(1v2) Epoch 24/50 | Errors: 16/500
  SVM(1v2) Epoch 25/50 | Errors: 16/500
  SVM(1v2) Epoch 26/50 | Errors: 18/500
  SVM(1v2) Epoch 27/50 | Errors: 16/500
  SVM(1v2) Epoch 28/50 | Errors: 16/500
  SVM(1v2) Epoch 29/50 | Errors: 16/500
  SVM(1v2) Epoch 30/50 | Errors: 16/500
  SVM(1v2) Epoch 31/50 | Errors: 18/500
  SVM(1v2) Epoch 32/50 | Errors: 16/500
  SVM(1v2) Epoch 33/50 | Errors: 18/500
  SVM(1v2) Epoch 34/50 | Errors: 18/500
  SVM(1v2) Epoch 35/50 | Errors: 16/500
  SVM(1v2) Epoch 36/50 | Errors: 16/500
  SVM(1v2) Epoch 37/50 | Errors: 16/500
  SVM(1v2) Epoch 38/50 | Errors: 16/500
  SVM(1v2) Epoch 39/50 | Errors: 16/500
  SVM(1v2) Epoch 40/50 | Errors: 16/500
  SVM(1v2) Epoch 41/50 | Errors: 16/500
  SVM(1v2) Epoch 42/50 | Errors: 16/500
  SVM(1v2) Epoch 43/50 | Errors: 16/500
  SVM(1v2) Epoch 44/50 | Errors: 16/500
  SVM(1v2) Epoch 45/50 | Errors: 16/500
  SVM(1v2) Epoch 46/50 | Errors: 16/500
  SVM(1v2) Epoch 47/50 | Errors: 16/500
  SVM(1v2) Epoch 48/50 | Errors: 16/500
  SVM(1v2) Epoch 49/50 | Errors: 16/500
  SVM(1v2) Epoch 50/50 | Errors: 16/500
  SVM(1v3) Epoch 1/50 | Errors: 41/500
  SVM(1v3) Epoch 2/50 | Errors: 18/500
  SVM(1v3) Epoch 3/50 | Errors: 16/500
  SVM(1v3) Epoch 4/50 | Errors: 12/500
  SVM(1v3) Epoch 5/50 | Errors: 14/500
  SVM(1v3) Epoch 6/50 | Errors: 14/500
  SVM(1v3) Epoch 7/50 | Errors: 16/500
  SVM(1v3) Epoch 8/50 | Errors: 14/500
  SVM(1v3) Epoch 9/50 | Errors: 14/500
  SVM(1v3) Epoch 10/50 | Errors: 14/500
  SVM(1v3) Epoch 11/50 | Errors: 21/500
  SVM(1v3) Epoch 12/50 | Errors: 26/500
  SVM(1v3) Epoch 13/50 | Errors: 12/500
  SVM(1v3) Epoch 14/50 | Errors: 14/500
  SVM(1v3) Epoch 15/50 | Errors: 14/500
  SVM(1v3) Epoch 16/50 | Errors: 14/500
  SVM(1v3) Epoch 17/50 | Errors: 14/500
  SVM(1v3) Epoch 18/50 | Errors: 14/500
  SVM(1v3) Epoch 19/50 | Errors: 14/500
  SVM(1v3) Epoch 20/50 | Errors: 14/500
  SVM(1v3) Epoch 21/50 | Errors: 14/500
  SVM(1v3) Epoch 22/50 | Errors: 14/500
  SVM(1v3) Epoch 23/50 | Errors: 10/500
  SVM(1v3) Epoch 24/50 | Errors: 10/500
  SVM(1v3) Epoch 25/50 | Errors: 12/500
  SVM(1v3) Epoch 26/50 | Errors: 14/500
  SVM(1v3) Epoch 27/50 | Errors: 12/500
  SVM(1v3) Epoch 28/50 | Errors: 14/500
  SVM(1v3) Epoch 29/50 | Errors: 12/500
  SVM(1v3) Epoch 30/50 | Errors: 12/500
  SVM(1v3) Epoch 31/50 | Errors: 14/500
  SVM(1v3) Epoch 32/50 | Errors: 17/500
  SVM(1v3) Epoch 33/50 | Errors: 20/500
  SVM(1v3) Epoch 34/50 | Errors: 22/500
  SVM(1v3) Epoch 35/50 | Errors: 14/500
  SVM(1v3) Epoch 36/50 | Errors: 14/500
  SVM(1v3) Epoch 37/50 | Errors: 14/500
  SVM(1v3) Epoch 38/50 | Errors: 14/500
  SVM(1v3) Epoch 39/50 | Errors: 6/500
  SVM(1v3) Epoch 40/50 | Errors: 10/500
  SVM(1v3) Epoch 41/50 | Errors: 4/500
  SVM(1v3) Epoch 42/50 | Errors: 4/500
  SVM(1v3) Epoch 43/50 | Errors: 4/500
  SVM(1v3) Epoch 44/50 | Errors: 4/500
  SVM(1v3) Epoch 45/50 | Errors: 4/500
  SVM(1v3) Epoch 46/50 | Errors: 10/500
  SVM(1v3) Epoch 47/50 | Errors: 10/500
  SVM(1v3) Epoch 48/50 | Errors: 12/500
  SVM(1v3) Epoch 49/50 | Errors: 12/500
  SVM(1v3) Epoch 50/50 | Errors: 12/500
  SVM(1v4) Epoch 1/50 | Errors: 7/500
  SVM(1v4) Epoch 2/50 | Errors: 6/500
  SVM(1v4) Epoch 3/50 | Errors: 6/500
  SVM(1v4) Epoch 4/50 | Errors: 7/500
  SVM(1v4) Epoch 5/50 | Errors: 5/500
  SVM(1v4) Epoch 6/50 | Errors: 7/500
  SVM(1v4) Epoch 7/50 | Errors: 6/500
  SVM(1v4) Epoch 8/50 | Errors: 6/500
  SVM(1v4) Epoch 9/50 | Errors: 6/500
  SVM(1v4) Epoch 10/50 | Errors: 6/500
  SVM(1v4) Epoch 11/50 | Errors: 6/500
  SVM(1v4) Epoch 12/50 | Errors: 6/500
  SVM(1v4) Epoch 13/50 | Errors: 6/500
  SVM(1v4) Epoch 14/50 | Errors: 6/500
  SVM(1v4) Epoch 15/50 | Errors: 6/500
  SVM(1v4) Epoch 16/50 | Errors: 6/500
  SVM(1v4) Epoch 17/50 | Errors: 6/500
  SVM(1v4) Epoch 18/50 | Errors: 6/500
  SVM(1v4) Epoch 19/50 | Errors: 6/500
  SVM(1v4) Epoch 20/50 | Errors: 6/500
  SVM(1v4) Epoch 21/50 | Errors: 6/500
  SVM(1v4) Epoch 22/50 | Errors: 6/500
  SVM(1v4) Epoch 23/50 | Errors: 6/500
  SVM(1v4) Epoch 24/50 | Errors: 6/500
  SVM(1v4) Epoch 25/50 | Errors: 6/500
  SVM(1v4) Epoch 26/50 | Errors: 6/500
  SVM(1v4) Epoch 27/50 | Errors: 6/500
  SVM(1v4) Epoch 28/50 | Errors: 7/500
  SVM(1v4) Epoch 29/50 | Errors: 6/500
  SVM(1v4) Epoch 30/50 | Errors: 6/500
  SVM(1v4) Epoch 31/50 | Errors: 6/500
  SVM(1v4) Epoch 32/50 | Errors: 6/500
  SVM(1v4) Epoch 33/50 | Errors: 6/500
  SVM(1v4) Epoch 34/50 | Errors: 6/500
  SVM(1v4) Epoch 35/50 | Errors: 6/500
  SVM(1v4) Epoch 36/50 | Errors: 6/500
  SVM(1v4) Epoch 37/50 | Errors: 6/500
  SVM(1v4) Epoch 38/50 | Errors: 6/500
  SVM(1v4) Epoch 39/50 | Errors: 6/500
  SVM(1v4) Epoch 40/50 | Errors: 6/500
  SVM(1v4) Epoch 41/50 | Errors: 6/500
  SVM(1v4) Epoch 42/50 | Errors: 6/500
  SVM(1v4) Epoch 43/50 | Errors: 6/500
  SVM(1v4) Epoch 44/50 | Errors: 6/500
  SVM(1v4) Epoch 45/50 | Errors: 6/500
  SVM(1v4) Epoch 46/50 | Errors: 6/500
  SVM(1v4) Epoch 47/50 | Errors: 6/500
  SVM(1v4) Epoch 48/50 | Errors: 6/500
  SVM(1v4) Epoch 49/50 | Errors: 6/500
  SVM(1v4) Epoch 50/50 | Errors: 6/500
  SVM(1v5) Epoch 1/50 | Errors: 36/500
  SVM(1v5) Epoch 2/50 | Errors: 26/500
  SVM(1v5) Epoch 3/50 | Errors: 36/500
  SVM(1v5) Epoch 4/50 | Errors: 36/500
  SVM(1v5) Epoch 5/50 | Errors: 14/500
  SVM(1v5) Epoch 6/50 | Errors: 12/500
  SVM(1v5) Epoch 7/50 | Errors: 4/500
  SVM(1v5) Epoch 8/50 | Errors: 2/500
  SVM(1v5) Epoch 9/50 | Errors: 2/500
  SVM(1v5) Epoch 10/50 | Errors: 0/500
  SVM(1v6) Epoch 1/50 | Errors: 28/220
  SVM(1v6) Epoch 2/50 | Errors: 36/220
  SVM(1v6) Epoch 3/50 | Errors: 36/220
  SVM(1v6) Epoch 4/50 | Errors: 36/220
  SVM(1v6) Epoch 5/50 | Errors: 35/220
  SVM(1v6) Epoch 6/50 | Errors: 18/220
  SVM(1v6) Epoch 7/50 | Errors: 16/220
  SVM(1v6) Epoch 8/50 | Errors: 16/220
  SVM(1v6) Epoch 9/50 | Errors: 18/220
  SVM(1v6) Epoch 10/50 | Errors: 16/220
  SVM(1v6) Epoch 11/50 | Errors: 16/220
  SVM(1v6) Epoch 12/50 | Errors: 14/220
  SVM(1v6) Epoch 13/50 | Errors: 17/220
  SVM(1v6) Epoch 14/50 | Errors: 15/220
  SVM(1v6) Epoch 15/50 | Errors: 16/220
  SVM(1v6) Epoch 16/50 | Errors: 14/220
  SVM(1v6) Epoch 17/50 | Errors: 15/220
  SVM(1v6) Epoch 18/50 | Errors: 15/220
  SVM(1v6) Epoch 19/50 | Errors: 18/220
  SVM(1v6) Epoch 20/50 | Errors: 14/220
  SVM(1v6) Epoch 21/50 | Errors: 10/220
  SVM(1v6) Epoch 22/50 | Errors: 10/220
  SVM(1v6) Epoch 23/50 | Errors: 16/220
  SVM(1v6) Epoch 24/50 | Errors: 14/220
  SVM(1v6) Epoch 25/50 | Errors: 14/220
  SVM(1v6) Epoch 26/50 | Errors: 12/220
  SVM(1v6) Epoch 27/50 | Errors: 10/220
  SVM(1v6) Epoch 28/50 | Errors: 10/220
  SVM(1v6) Epoch 29/50 | Errors: 16/220
  SVM(1v6) Epoch 30/50 | Errors: 16/220
  SVM(1v6) Epoch 31/50 | Errors: 14/220
  SVM(1v6) Epoch 32/50 | Errors: 8/220
  SVM(1v6) Epoch 33/50 | Errors: 10/220
  SVM(1v6) Epoch 34/50 | Errors: 10/220
  SVM(1v6) Epoch 35/50 | Errors: 16/220
  SVM(1v6) Epoch 36/50 | Errors: 22/220
  SVM(1v6) Epoch 37/50 | Errors: 22/220
  SVM(1v6) Epoch 38/50 | Errors: 20/220
  SVM(1v6) Epoch 39/50 | Errors: 14/220
  SVM(1v6) Epoch 40/50 | Errors: 14/220
  SVM(1v6) Epoch 41/50 | Errors: 14/220
  SVM(1v6) Epoch 42/50 | Errors: 13/220
  SVM(1v6) Epoch 43/50 | Errors: 14/220
  SVM(1v6) Epoch 44/50 | Errors: 15/220
  SVM(1v6) Epoch 45/50 | Errors: 14/220
  SVM(1v6) Epoch 46/50 | Errors: 14/220
  SVM(1v6) Epoch 47/50 | Errors: 11/220
  SVM(1v6) Epoch 48/50 | Errors: 12/220
  SVM(1v6) Epoch 49/50 | Errors: 10/220
  SVM(1v6) Epoch 50/50 | Errors: 10/220
  SVM(2v3) Epoch 1/50 | Errors: 118/500
  SVM(2v3) Epoch 2/50 | Errors: 79/500
  SVM(2v3) Epoch 3/50 | Errors: 64/500
  SVM(2v3) Epoch 4/50 | Errors: 72/500
  SVM(2v3) Epoch 5/50 | Errors: 61/500
  SVM(2v3) Epoch 6/50 | Errors: 50/500
  SVM(2v3) Epoch 7/50 | Errors: 54/500
  SVM(2v3) Epoch 8/50 | Errors: 54/500
  SVM(2v3) Epoch 9/50 | Errors: 45/500
  SVM(2v3) Epoch 10/50 | Errors: 52/500
  SVM(2v3) Epoch 11/50 | Errors: 50/500
  SVM(2v3) Epoch 12/50 | Errors: 48/500
  SVM(2v3) Epoch 13/50 | Errors: 54/500
  SVM(2v3) Epoch 14/50 | Errors: 46/500
  SVM(2v3) Epoch 15/50 | Errors: 46/500
  SVM(2v3) Epoch 16/50 | Errors: 50/500
  SVM(2v3) Epoch 17/50 | Errors: 47/500
  SVM(2v3) Epoch 18/50 | Errors: 36/500
  SVM(2v3) Epoch 19/50 | Errors: 50/500
  SVM(2v3) Epoch 20/50 | Errors: 52/500
  SVM(2v3) Epoch 21/50 | Errors: 46/500
  SVM(2v3) Epoch 22/50 | Errors: 54/500
  SVM(2v3) Epoch 23/50 | Errors: 44/500
  SVM(2v3) Epoch 24/50 | Errors: 44/500
  SVM(2v3) Epoch 25/50 | Errors: 44/500
  SVM(2v3) Epoch 26/50 | Errors: 34/500
  SVM(2v3) Epoch 27/50 | Errors: 48/500
  SVM(2v3) Epoch 28/50 | Errors: 46/500
  SVM(2v3) Epoch 29/50 | Errors: 46/500
  SVM(2v3) Epoch 30/50 | Errors: 43/500
  SVM(2v3) Epoch 31/50 | Errors: 36/500
  SVM(2v3) Epoch 32/50 | Errors: 36/500
  SVM(2v3) Epoch 33/50 | Errors: 38/500
  SVM(2v3) Epoch 34/50 | Errors: 42/500
  SVM(2v3) Epoch 35/50 | Errors: 42/500
  SVM(2v3) Epoch 36/50 | Errors: 46/500
  SVM(2v3) Epoch 37/50 | Errors: 44/500
  SVM(2v3) Epoch 38/50 | Errors: 46/500
  SVM(2v3) Epoch 39/50 | Errors: 42/500
  SVM(2v3) Epoch 40/50 | Errors: 42/500
  SVM(2v3) Epoch 41/50 | Errors: 36/500
  SVM(2v3) Epoch 42/50 | Errors: 40/500
  SVM(2v3) Epoch 43/50 | Errors: 44/500
  SVM(2v3) Epoch 44/50 | Errors: 36/500
  SVM(2v3) Epoch 45/50 | Errors: 42/500
  SVM(2v3) Epoch 46/50 | Errors: 46/500
  SVM(2v3) Epoch 47/50 | Errors: 48/500
  SVM(2v3) Epoch 48/50 | Errors: 46/500
  SVM(2v3) Epoch 49/50 | Errors: 44/500
  SVM(2v3) Epoch 50/50 | Errors: 39/500
  SVM(2v4) Epoch 1/50 | Errors: 39/500
  SVM(2v4) Epoch 2/50 | Errors: 28/500
  SVM(2v4) Epoch 3/50 | Errors: 30/500
  SVM(2v4) Epoch 4/50 | Errors: 24/500
  SVM(2v4) Epoch 5/50 | Errors: 24/500
  SVM(2v4) Epoch 6/50 | Errors: 24/500
  SVM(2v4) Epoch 7/50 | Errors: 24/500
  SVM(2v4) Epoch 8/50 | Errors: 24/500
  SVM(2v4) Epoch 9/50 | Errors: 24/500
  SVM(2v4) Epoch 10/50 | Errors: 24/500
  SVM(2v4) Epoch 11/50 | Errors: 24/500
  SVM(2v4) Epoch 12/50 | Errors: 24/500
  SVM(2v4) Epoch 13/50 | Errors: 24/500
  SVM(2v4) Epoch 14/50 | Errors: 24/500
  SVM(2v4) Epoch 15/50 | Errors: 22/500
  SVM(2v4) Epoch 16/50 | Errors: 8/500
  SVM(2v4) Epoch 17/50 | Errors: 10/500
  SVM(2v4) Epoch 18/50 | Errors: 10/500
  SVM(2v4) Epoch 19/50 | Errors: 15/500
  SVM(2v4) Epoch 20/50 | Errors: 10/500
  SVM(2v4) Epoch 21/50 | Errors: 12/500
  SVM(2v4) Epoch 22/50 | Errors: 11/500
  SVM(2v4) Epoch 23/50 | Errors: 8/500
  SVM(2v4) Epoch 24/50 | Errors: 8/500
  SVM(2v4) Epoch 25/50 | Errors: 8/500
  SVM(2v4) Epoch 26/50 | Errors: 8/500
  SVM(2v4) Epoch 27/50 | Errors: 8/500
  SVM(2v4) Epoch 28/50 | Errors: 8/500
  SVM(2v4) Epoch 29/50 | Errors: 8/500
  SVM(2v4) Epoch 30/50 | Errors: 8/500
  SVM(2v4) Epoch 31/50 | Errors: 8/500
  SVM(2v4) Epoch 32/50 | Errors: 8/500
  SVM(2v4) Epoch 33/50 | Errors: 10/500
  SVM(2v4) Epoch 34/50 | Errors: 8/500
  SVM(2v4) Epoch 35/50 | Errors: 8/500
  SVM(2v4) Epoch 36/50 | Errors: 8/500
  SVM(2v4) Epoch 37/50 | Errors: 10/500
  SVM(2v4) Epoch 38/50 | Errors: 8/500
  SVM(2v4) Epoch 39/50 | Errors: 8/500
  SVM(2v4) Epoch 40/50 | Errors: 10/500
  SVM(2v4) Epoch 41/50 | Errors: 8/500
  SVM(2v4) Epoch 42/50 | Errors: 8/500
  SVM(2v4) Epoch 43/50 | Errors: 10/500
  SVM(2v4) Epoch 44/50 | Errors: 8/500
  SVM(2v4) Epoch 45/50 | Errors: 9/500
  SVM(2v4) Epoch 46/50 | Errors: 12/500
  SVM(2v4) Epoch 47/50 | Errors: 10/500
  SVM(2v4) Epoch 48/50 | Errors: 8/500
  SVM(2v4) Epoch 49/50 | Errors: 22/500
  SVM(2v4) Epoch 50/50 | Errors: 22/500
  SVM(2v5) Epoch 1/50 | Errors: 31/500
  SVM(2v5) Epoch 2/50 | Errors: 0/500
  SVM(2v6) Epoch 1/50 | Errors: 14/500
  SVM(2v6) Epoch 2/50 | Errors: 0/500
  SVM(3v4) Epoch 1/50 | Errors: 40/500
  SVM(3v4) Epoch 2/50 | Errors: 30/500
  SVM(3v4) Epoch 3/50 | Errors: 28/500
  SVM(3v4) Epoch 4/50 | Errors: 22/500
  SVM(3v4) Epoch 5/50 | Errors: 18/500
  SVM(3v4) Epoch 6/50 | Errors: 24/500
  SVM(3v4) Epoch 7/50 | Errors: 28/500
  SVM(3v4) Epoch 8/50 | Errors: 22/500
  SVM(3v4) Epoch 9/50 | Errors: 18/500
  SVM(3v4) Epoch 10/50 | Errors: 24/500
  SVM(3v4) Epoch 11/50 | Errors: 19/500
  SVM(3v4) Epoch 12/50 | Errors: 25/500
  SVM(3v4) Epoch 13/50 | Errors: 26/500
  SVM(3v4) Epoch 14/50 | Errors: 23/500
  SVM(3v4) Epoch 15/50 | Errors: 26/500
  SVM(3v4) Epoch 16/50 | Errors: 24/500
  SVM(3v4) Epoch 17/50 | Errors: 24/500
  SVM(3v4) Epoch 18/50 | Errors: 21/500
  SVM(3v4) Epoch 19/50 | Errors: 17/500
  SVM(3v4) Epoch 20/50 | Errors: 21/500
  SVM(3v4) Epoch 21/50 | Errors: 19/500
  SVM(3v4) Epoch 22/50 | Errors: 16/500
  SVM(3v4) Epoch 23/50 | Errors: 16/500
  SVM(3v4) Epoch 24/50 | Errors: 22/500
  SVM(3v4) Epoch 25/50 | Errors: 16/500
  SVM(3v4) Epoch 26/50 | Errors: 21/500
  SVM(3v4) Epoch 27/50 | Errors: 19/500
  SVM(3v4) Epoch 28/50 | Errors: 13/500
  SVM(3v4) Epoch 29/50 | Errors: 17/500
  SVM(3v4) Epoch 30/50 | Errors: 20/500
  SVM(3v4) Epoch 31/50 | Errors: 19/500
  SVM(3v4) Epoch 32/50 | Errors: 22/500
  SVM(3v4) Epoch 33/50 | Errors: 18/500
  SVM(3v4) Epoch 34/50 | Errors: 16/500
  SVM(3v4) Epoch 35/50 | Errors: 14/500
  SVM(3v4) Epoch 36/50 | Errors: 16/500
  SVM(3v4) Epoch 37/50 | Errors: 16/500
  SVM(3v4) Epoch 38/50 | Errors: 14/500
  SVM(3v4) Epoch 39/50 | Errors: 14/500
  SVM(3v4) Epoch 40/50 | Errors: 12/500
  SVM(3v4) Epoch 41/50 | Errors: 12/500
  SVM(3v4) Epoch 42/50 | Errors: 12/500
  SVM(3v4) Epoch 43/50 | Errors: 14/500
  SVM(3v4) Epoch 44/50 | Errors: 18/500
  SVM(3v4) Epoch 45/50 | Errors: 12/500
  SVM(3v4) Epoch 46/50 | Errors: 18/500
  SVM(3v4) Epoch 47/50 | Errors: 16/500
  SVM(3v4) Epoch 48/50 | Errors: 12/500
  SVM(3v4) Epoch 49/50 | Errors: 12/500
  SVM(3v4) Epoch 50/50 | Errors: 12/500
  SVM(3v5) Epoch 1/50 | Errors: 31/500
  SVM(3v5) Epoch 2/50 | Errors: 6/500
  SVM(3v5) Epoch 3/50 | Errors: 8/500
  SVM(3v5) Epoch 4/50 | Errors: 8/500
  SVM(3v5) Epoch 5/50 | Errors: 2/500
  SVM(3v5) Epoch 6/50 | Errors: 12/500
  SVM(3v5) Epoch 7/50 | Errors: 8/500
  SVM(3v5) Epoch 8/50 | Errors: 6/500
  SVM(3v5) Epoch 9/50 | Errors: 4/500
  SVM(3v5) Epoch 10/50 | Errors: 2/500
  SVM(3v5) Epoch 11/50 | Errors: 2/500
  SVM(3v5) Epoch 12/50 | Errors: 2/500
  SVM(3v5) Epoch 13/50 | Errors: 2/500
  SVM(3v5) Epoch 14/50 | Errors: 2/500
  SVM(3v5) Epoch 15/50 | Errors: 2/500
  SVM(3v5) Epoch 16/50 | Errors: 2/500
  SVM(3v5) Epoch 17/50 | Errors: 2/500
  SVM(3v5) Epoch 18/50 | Errors: 2/500
  SVM(3v5) Epoch 19/50 | Errors: 2/500
  SVM(3v5) Epoch 20/50 | Errors: 2/500
  SVM(3v5) Epoch 21/50 | Errors: 2/500
  SVM(3v5) Epoch 22/50 | Errors: 2/500
  SVM(3v5) Epoch 23/50 | Errors: 2/500
  SVM(3v5) Epoch 24/50 | Errors: 2/500
  SVM(3v5) Epoch 25/50 | Errors: 2/500
  SVM(3v5) Epoch 26/50 | Errors: 2/500
  SVM(3v5) Epoch 27/50 | Errors: 2/500
  SVM(3v5) Epoch 28/50 | Errors: 2/500
  SVM(3v5) Epoch 29/50 | Errors: 2/500
  SVM(3v5) Epoch 30/50 | Errors: 2/500
  SVM(3v5) Epoch 31/50 | Errors: 2/500
  SVM(3v5) Epoch 32/50 | Errors: 2/500
  SVM(3v5) Epoch 33/50 | Errors: 2/500
  SVM(3v5) Epoch 34/50 | Errors: 2/500
  SVM(3v5) Epoch 35/50 | Errors: 2/500
  SVM(3v5) Epoch 36/50 | Errors: 2/500
  SVM(3v5) Epoch 37/50 | Errors: 2/500
  SVM(3v5) Epoch 38/50 | Errors: 2/500
  SVM(3v5) Epoch 39/50 | Errors: 2/500
  SVM(3v5) Epoch 40/50 | Errors: 2/500
  SVM(3v5) Epoch 41/50 | Errors: 2/500
  SVM(3v5) Epoch 42/50 | Errors: 2/500
  SVM(3v5) Epoch 43/50 | Errors: 2/500
  SVM(3v5) Epoch 44/50 | Errors: 2/500
  SVM(3v5) Epoch 45/50 | Errors: 2/500
  SVM(3v5) Epoch 46/50 | Errors: 2/500
  SVM(3v5) Epoch 47/50 | Errors: 2/500
  SVM(3v5) Epoch 48/50 | Errors: 2/500
  SVM(3v5) Epoch 49/50 | Errors: 2/500
  SVM(3v5) Epoch 50/50 | Errors: 2/500
  SVM(3v6) Epoch 1/50 | Errors: 3/500
  SVM(3v6) Epoch 2/50 | Errors: 2/500
  SVM(3v6) Epoch 3/50 | Errors: 2/500
  SVM(3v6) Epoch 4/50 | Errors: 2/500
  SVM(3v6) Epoch 5/50 | Errors: 2/500
  SVM(3v6) Epoch 6/50 | Errors: 2/500
  SVM(3v6) Epoch 7/50 | Errors: 2/500
  SVM(3v6) Epoch 8/50 | Errors: 2/500
  SVM(3v6) Epoch 9/50 | Errors: 2/500
  SVM(3v6) Epoch 10/50 | Errors: 2/500
  SVM(3v6) Epoch 11/50 | Errors: 2/500
  SVM(3v6) Epoch 12/50 | Errors: 2/500
  SVM(3v6) Epoch 13/50 | Errors: 2/500
  SVM(3v6) Epoch 14/50 | Errors: 0/500
  SVM(4v5) Epoch 1/50 | Errors: 25/500
  SVM(4v5) Epoch 2/50 | Errors: 23/500
  SVM(4v5) Epoch 3/50 | Errors: 22/500
  SVM(4v5) Epoch 4/50 | Errors: 22/500
  SVM(4v5) Epoch 5/50 | Errors: 22/500
  SVM(4v5) Epoch 6/50 | Errors: 22/500
  SVM(4v5) Epoch 7/50 | Errors: 22/500
  SVM(4v5) Epoch 8/50 | Errors: 22/500
  SVM(4v5) Epoch 9/50 | Errors: 22/500
  SVM(4v5) Epoch 10/50 | Errors: 23/500
  SVM(4v5) Epoch 11/50 | Errors: 18/500
  SVM(4v5) Epoch 12/50 | Errors: 18/500
  SVM(4v5) Epoch 13/50 | Errors: 18/500
  SVM(4v5) Epoch 14/50 | Errors: 14/500
  SVM(4v5) Epoch 15/50 | Errors: 14/500
  SVM(4v5) Epoch 16/50 | Errors: 14/500
  SVM(4v5) Epoch 17/50 | Errors: 16/500
  SVM(4v5) Epoch 18/50 | Errors: 18/500
  SVM(4v5) Epoch 19/50 | Errors: 20/500
  SVM(4v5) Epoch 20/50 | Errors: 22/500
  SVM(4v5) Epoch 21/50 | Errors: 22/500
  SVM(4v5) Epoch 22/50 | Errors: 22/500
  SVM(4v5) Epoch 23/50 | Errors: 22/500
  SVM(4v5) Epoch 24/50 | Errors: 22/500
  SVM(4v5) Epoch 25/50 | Errors: 22/500
  SVM(4v5) Epoch 26/50 | Errors: 22/500
  SVM(4v5) Epoch 27/50 | Errors: 22/500
  SVM(4v5) Epoch 28/50 | Errors: 22/500
  SVM(4v5) Epoch 29/50 | Errors: 22/500
  SVM(4v5) Epoch 30/50 | Errors: 22/500
  SVM(4v5) Epoch 31/50 | Errors: 22/500
  SVM(4v5) Epoch 32/50 | Errors: 22/500
  SVM(4v5) Epoch 33/50 | Errors: 22/500
  SVM(4v5) Epoch 34/50 | Errors: 22/500
  SVM(4v5) Epoch 35/50 | Errors: 20/500
  SVM(4v5) Epoch 36/50 | Errors: 20/500
  SVM(4v5) Epoch 37/50 | Errors: 20/500
  SVM(4v5) Epoch 38/50 | Errors: 16/500
  SVM(4v5) Epoch 39/50 | Errors: 14/500
  SVM(4v5) Epoch 40/50 | Errors: 12/500
  SVM(4v5) Epoch 41/50 | Errors: 14/500
  SVM(4v5) Epoch 42/50 | Errors: 12/500
  SVM(4v5) Epoch 43/50 | Errors: 16/500
  SVM(4v5) Epoch 44/50 | Errors: 17/500
  SVM(4v5) Epoch 45/50 | Errors: 18/500
  SVM(4v5) Epoch 46/50 | Errors: 18/500
  SVM(4v5) Epoch 47/50 | Errors: 18/500
  SVM(4v5) Epoch 48/50 | Errors: 20/500
  SVM(4v5) Epoch 49/50 | Errors: 20/500
  SVM(4v5) Epoch 50/50 | Errors: 20/500
  SVM(4v6) Epoch 1/50 | Errors: 3/500
  SVM(4v6) Epoch 2/50 | Errors: 2/500
  SVM(4v6) Epoch 3/50 | Errors: 2/500
  SVM(4v6) Epoch 4/50 | Errors: 2/500
  SVM(4v6) Epoch 5/50 | Errors: 2/500
  SVM(4v6) Epoch 6/50 | Errors: 2/500
  SVM(4v6) Epoch 7/50 | Errors: 2/500
  SVM(4v6) Epoch 8/50 | Errors: 2/500
  SVM(4v6) Epoch 9/50 | Errors: 2/500
  SVM(4v6) Epoch 10/50 | Errors: 2/500
  SVM(4v6) Epoch 11/50 | Errors: 2/500
  SVM(4v6) Epoch 12/50 | Errors: 2/500
  SVM(4v6) Epoch 13/50 | Errors: 2/500
  SVM(4v6) Epoch 14/50 | Errors: 2/500
  SVM(4v6) Epoch 15/50 | Errors: 2/500
  SVM(4v6) Epoch 16/50 | Errors: 2/500
  SVM(4v6) Epoch 17/50 | Errors: 2/500
  SVM(4v6) Epoch 18/50 | Errors: 2/500
  SVM(4v6) Epoch 19/50 | Errors: 2/500
  SVM(4v6) Epoch 20/50 | Errors: 2/500
  SVM(4v6) Epoch 21/50 | Errors: 2/500
  SVM(4v6) Epoch 22/50 | Errors: 3/500
  SVM(4v6) Epoch 23/50 | Errors: 2/500
  SVM(4v6) Epoch 24/50 | Errors: 2/500
  SVM(4v6) Epoch 25/50 | Errors: 2/500
  SVM(4v6) Epoch 26/50 | Errors: 2/500
  SVM(4v6) Epoch 27/50 | Errors: 2/500
  SVM(4v6) Epoch 28/50 | Errors: 2/500
  SVM(4v6) Epoch 29/50 | Errors: 2/500
  SVM(4v6) Epoch 30/50 | Errors: 2/500
  SVM(4v6) Epoch 31/50 | Errors: 2/500
  SVM(4v6) Epoch 32/50 | Errors: 2/500
  SVM(4v6) Epoch 33/50 | Errors: 2/500
  SVM(4v6) Epoch 34/50 | Errors: 2/500
  SVM(4v6) Epoch 35/50 | Errors: 2/500
  SVM(4v6) Epoch 36/50 | Errors: 2/500
  SVM(4v6) Epoch 37/50 | Errors: 2/500
  SVM(4v6) Epoch 38/50 | Errors: 2/500
  SVM(4v6) Epoch 39/50 | Errors: 2/500
  SVM(4v6) Epoch 40/50 | Errors: 2/500
  SVM(4v6) Epoch 41/50 | Errors: 2/500
  SVM(4v6) Epoch 42/50 | Errors: 2/500
  SVM(4v6) Epoch 43/50 | Errors: 2/500
  SVM(4v6) Epoch 44/50 | Errors: 2/500
  SVM(4v6) Epoch 45/50 | Errors: 2/500
  SVM(4v6) Epoch 46/50 | Errors: 2/500
  SVM(4v6) Epoch 47/50 | Errors: 2/500
  SVM(4v6) Epoch 48/50 | Errors: 2/500
  SVM(4v6) Epoch 49/50 | Errors: 2/500
  SVM(4v6) Epoch 50/50 | Errors: 2/500
  SVM(5v6) Epoch 1/50 | Errors: 6/500
  SVM(5v6) Epoch 2/50 | Errors: 6/500
  SVM(5v6) Epoch 3/50 | Errors: 6/500
  SVM(5v6) Epoch 4/50 | Errors: 6/500
  SVM(5v6) Epoch 5/50 | Errors: 6/500
  SVM(5v6) Epoch 6/50 | Errors: 11/500
  SVM(5v6) Epoch 7/50 | Errors: 10/500
  SVM(5v6) Epoch 8/50 | Errors: 10/500
  SVM(5v6) Epoch 9/50 | Errors: 10/500
  SVM(5v6) Epoch 10/50 | Errors: 5/500
  SVM(5v6) Epoch 11/50 | Errors: 6/500
  SVM(5v6) Epoch 12/50 | Errors: 6/500
  SVM(5v6) Epoch 13/50 | Errors: 6/500
  SVM(5v6) Epoch 14/50 | Errors: 6/500
  SVM(5v6) Epoch 15/50 | Errors: 6/500
  SVM(5v6) Epoch 16/50 | Errors: 6/500
  SVM(5v6) Epoch 17/50 | Errors: 6/500
  SVM(5v6) Epoch 18/50 | Errors: 6/500
  SVM(5v6) Epoch 19/50 | Errors: 6/500
  SVM(5v6) Epoch 20/50 | Errors: 6/500
  SVM(5v6) Epoch 21/50 | Errors: 6/500
  SVM(5v6) Epoch 22/50 | Errors: 6/500
  SVM(5v6) Epoch 23/50 | Errors: 8/500
  SVM(5v6) Epoch 24/50 | Errors: 6/500
  SVM(5v6) Epoch 25/50 | Errors: 6/500
  SVM(5v6) Epoch 26/50 | Errors: 6/500
  SVM(5v6) Epoch 27/50 | Errors: 8/500
  SVM(5v6) Epoch 28/50 | Errors: 6/500
  SVM(5v6) Epoch 29/50 | Errors: 6/500
  SVM(5v6) Epoch 30/50 | Errors: 6/500
  SVM(5v6) Epoch 31/50 | Errors: 6/500
  SVM(5v6) Epoch 32/50 | Errors: 6/500
  SVM(5v6) Epoch 33/50 | Errors: 6/500
  SVM(5v6) Epoch 34/50 | Errors: 6/500
  SVM(5v6) Epoch 35/50 | Errors: 6/500
  SVM(5v6) Epoch 36/50 | Errors: 8/500
  SVM(5v6) Epoch 37/50 | Errors: 6/500
  SVM(5v6) Epoch 38/50 | Errors: 6/500
  SVM(5v6) Epoch 39/50 | Errors: 6/500
  SVM(5v6) Epoch 40/50 | Errors: 6/500
  SVM(5v6) Epoch 41/50 | Errors: 6/500
  SVM(5v6) Epoch 42/50 | Errors: 6/500
  SVM(5v6) Epoch 43/50 | Errors: 6/500
  SVM(5v6) Epoch 44/50 | Errors: 6/500
  SVM(5v6) Epoch 45/50 | Errors: 8/500
  SVM(5v6) Epoch 46/50 | Errors: 6/500
  SVM(5v6) Epoch 47/50 | Errors: 6/500
  SVM(5v6) Epoch 48/50 | Errors: 6/500
  SVM(5v6) Epoch 49/50 | Errors: 4/500
  SVM(5v6) Epoch 50/50 | Errors: 6/500
SVM training: 273.3 ms
SVM prediction: 249.4 ms
Confident: 18000 | Uncertain: 2000
DBSCAN: 905.2 ms | Clusters: 1 | Noise: 3

Accuracy: 90.88%

========================================
  Technique:  OpenMP (8 threads)
  Samples:    20000
  Features:   52
  Time:       1430.833 ms
  FLOP Count: 66794586600
  GFLOPS:     46.6823
========================================

Timing: Train=273.3ms Predict=249.4ms DBSCAN=905.2ms Total=1430.8ms
