OpenMP threads: 16
[01:03:43] ════════════════════════════════════════════════════
[01:03:43] PHASE 1 — SVM INFERENCE (One-vs-One, loading model.bin)
[01:03:43] ════════════════════════════════════════════════════
[01:03:43] Loading SVM model: ../model/model.bin
[01:03:43] Model loaded: K=6 F=52
[01:03:43] Loading test data: ../data/processed/test_data.csv
[01:03:46] N_test=765495
[01:03:46] Phase 1 (SVM OvO inference) time: 0.038s
[01:03:46] ─── SVM inference complete for all 765495 test samples.

  SVM-only per-class metrics (trained classes, all non-holdout):
  Class                 Prec    Recall        F1   Support
  DDoS                0.5458    0.9977    0.7056     38404
  DoS                 0.8626    0.9151    0.8881     58124
  NormalTraffic       0.9968    0.9177    0.9556    628518
  PortScan            0.6425    0.9870    0.7783     27208
  macro_F1                                    0.8319  (SVM-only OvO)
[01:03:46] SVM-only predictions -> ../log/svm_predictions.csv

[01:03:46] ════════════════════════════════════════════════════
[01:03:46] PHASE 2 — DBSCAN CLUSTERING (4-D vote space)
[01:03:46] ════════════════════════════════════════════════════
  Holdout samples  (anchors):          13241
  Confident samples (SVM final):        750296
  Uncertain: Normal-predicted (direct): 815  (SVM argmax=Normal, skip DBSCAN)
  Uncertain: attack-predicted (DBSCAN): 1143 (capped at 110000; 0 overflow -> PRED_NOVEL)
  DBSCAN pool total:                    14384
  Normal centroid (n=628518): [0.804, 0.685, 2.913, 1.597]
[01:03:46]   DBSCAN pass 1: counting neighbours (n=14384, eps=1.1000) ...
[01:03:46]   DBSCAN pass 2: filling adjacency (total edges=37168256, avg=2584.0) ...
[01:03:46]   DBSCAN done: clusters=14  noise=8 (0.1%)
  Cluster labelling: 8 holdout-voted, 0 reclassified Normal, 6 unknown anomaly
[01:03:46] DBSCAN model saved -> ../log/dbscan_model.bin  (14 clusters)
[01:03:46] Phase 2 (DBSCAN clustering) time: 0.174s

[01:03:46] ════════════════════════════════════════════════════
[01:03:46] PHASE 3 — HYBRID COMBINATION  (SVM->DBSCAN fallback)
[01:03:46] ════════════════════════════════════════════════════
  Logic: conf >= 0.67 → SVM argmax;
         conf < 0.67 AND pred=Normal → Normal direct (no DBSCAN);
         conf < 0.67 AND pred=attack → DBSCAN cluster;
         holdout class → DBSCAN (novel detection).
[01:03:46] Phase 3 (hybrid combination) time: 0.010s

[01:03:46] ── Evaluation ──────────────────────────────────────

  Hybrid per-class metrics (trained classes, confident+DBSCAN):
  Class                 Prec    Recall        F1   Support
  DDoS                0.5458    0.9977    0.7056     38404
  DoS                 0.8626    0.9151    0.8881     58124
  NormalTraffic       0.9968    0.9177    0.9556    628511
  PortScan            0.6425    0.9870    0.7784     27208
  macro_F1                                    0.8319  (hybrid)
  accuracy                                    0.9241  (hybrid)

  Holdout class detection via DBSCAN:
  Class                Total   Correct     Noise
  Bots                  1948      1095         0
  BruteForce            9150      9122         0
  WebAttacks            2143      1905         1
  Holdout detection rate: 0.9155  (12122 / 13241)

  Uncertain pool breakdown (1958 total uncertain):
  Direct Normal (SVM argmax=Normal, skip DBSCAN)  815
  Attack-class uncertain sent to DBSCAN       1143
    -> Reclassified Normal (near-Normal cluster)  0
    -> Matched holdout pattern (Bots/BF/WebAtk)  0
    -> Novel attack (DBSCAN noise -1)         7
    -> Unknown anomaly (unclaimed cluster)    0

[01:03:46] Hybrid predictions    -> ../log/hybrid_predictions.csv
[01:03:46] predict_ms=37.85  dbscan_ms=173.71  total_ms=3541.19  predict_GFLOPS=12.62  dbscan_GFLOPS=26.20
[01:03:46] Summary log           -> ../log/hybrid_log.csv
[01:03:46] Done.  Output files:
       SVM-only preds  : ../log/svm_predictions.csv
       DBSCAN model    : ../log/dbscan_model.bin
       Hybrid preds    : ../log/hybrid_predictions.csv
       Metrics log     : ../log/hybrid_log.csv
       Run log         : ../log/omp_infer_run.log
