[17:03:38] Loaded SVM model: K=4  F=52
[17:03:38] Model: K=4  F=52  RFF_mode=no
[17:03:38] Loading test data...
[17:03:44] N_test = 756226
[17:03:44] Linear-SVM inference (GPU 0)...
[17:03:44] Partition (CONF_THRESHOLD=0.500):
  holdout (Bots/BruteForce/WebAttacks) : 3972
  uncertain (non-holdout, low conf)    : 88561  (raw)
  confident (SVM, high conf)           : 663693
  [subsample] uncertain capped to 35000
  total DBSCAN pool (n_db)             : 38972
[17:03:44] Normal centroid (uncertain-pool argmax=Normal, n=24707): [-5.924, -3.965, -0.268, -3.180]
[17:03:44] Computing k-distance graph (k=8, n_db=38972)...
[17:03:44] k-distance graph (k=8, n=38972):
  p10=0.00314  p25=0.01212  p50=0.07034  p75=0.20259  p90=0.49551  p99=2.61244  max=292.52341
  EPS_OVERRIDE active  ->  eps = 0.14800
[17:03:44] DBSCAN  eps=0.14800  min_samples=8
[17:03:44] DBSCAN pass 1: counting neighbours...
  Core points: 26790 / 38972  (68.7%)
  Total adjacency edges: 6302466  (avg 161.7/point)
[17:03:44] DBSCAN pass 2: filling CSR adjacency...
[17:03:44] BFS cluster expansion...
  Clusters found : 243
  Noise points   : 10377 / 38972  (26.6%)
  Cluster sizes  : min=4  max=5932  mean=117.7
[17:03:44] Labeling clusters...
[17:03:44] Cluster labeling: 18 via holdout vote, 55 reclassified benign, 170 unknown anomaly
  Unclaimed-cluster centroid-to-Normal distances (n=225):
    min=1.768  p25=4.004  p50=5.782  p75=8.618  max=66.384
    NORMAL_PROX_THRESH=4.000  (clusters with dist < thresh -> benign)

[17:03:44] ══════════ EVALUATION ══════════

  SVM confident accuracy: 0.9432  (626002 / 663693)

  Per-class metrics (SVM-known classes, confident samples):
  Class                 Prec    Recall        F1   Support
  DDoS                0.6829    0.9993    0.8113     38373
  DoS                 0.8937    0.9432    0.9178     52837
  NormalTraffic       0.9990    0.9365    0.9667    545321
  PortScan            0.6687    0.9994    0.8013     27162
  macro               0.8111    0.9696    0.8743

  Holdout detection (DBSCAN clustering):
  Class                Total   Correct     Noise
  Bots                   584       452       132
  BruteForce            2745      2684        61
  WebAttacks             643       584        32

  Uncertain sample reclassification (35000 total):
  Reclassified Normal (near-Normal cluster)  8432
  Matched holdout pattern (Bots/BF/WebAtk)  6538
  Known SVM class (near-anchor cluster)   0
  Novel attack (DBSCAN noise -1)          10152
  Unknown anomaly (unclaimed cluster)     9878

[17:03:44] Saving results...
  -> dbscan_clusters.csv  (243 clusters)
  -> hybrid_predictions.csv  (756226 rows)
  -> hybrid_log.csv
[17:03:45] Saved DBSCAN model -> best_dbscan_model.bin  (243 clusters, eps=0.14800)

[17:03:45] Done.
