[20:07:05] Loading data...
[20:07:15] N_train=588717  N_test=756226

[20:07:16] === Epoch 1 ===
  Class                 Prec    Recall        F1   Support
  DDoS                0.3853    0.9808    0.5532     38404
  DoS                 0.6940    0.8432    0.7614     58124
  NormalTraffic       0.9959    0.7796    0.8746    628518
  PortScan            0.2924    0.9877    0.4512     27208
  macro avg           0.5919    0.8978    0.6601    752254
  Accuracy (train classes): 0.8023   train=0.9810   gap=+0.1788   holdout=3972

  -> saved best_model.bin / _W.csv / _b.csv
  ** New best acc=0.8023 — model saved.


[20:07:16] === Epoch 2 ===
  Class                 Prec    Recall        F1   Support
  DDoS                0.4259    0.9902    0.5956     38404
  DoS                 0.8241    0.8955    0.8583     58124
  NormalTraffic       0.9975    0.8332    0.9080    628518
  PortScan            0.3611    0.9932    0.5296     27208
  macro avg           0.6522    0.9280    0.7229    752254
  Accuracy (train classes): 0.8518   train=0.9909   gap=+0.1391   holdout=3972

  -> saved best_model.bin / _W.csv / _b.csv
  ** New best acc=0.8518 — model saved.


[20:07:16] epoch   3  step    100  lr=5.00e-02  loss=0.3390   
[20:07:16] === Epoch 3 ===
  Class                 Prec    Recall        F1   Support
  DDoS                0.4408    0.9950    0.6109     38404
  DoS                 0.8306    0.8999    0.8638     58124
  NormalTraffic       0.9961    0.8402    0.9115    628518
  PortScan            0.3751    0.9986    0.5453     27208
  macro avg           0.6606    0.9334    0.7329    752254
  Accuracy (train classes): 0.8584   train=0.9953   gap=+0.1368   holdout=3972

  -> saved best_model.bin / _W.csv / _b.csv
  ** New best acc=0.8584 — model saved.


[20:07:16] === Epoch 4 ===
  Class                 Prec    Recall        F1   Support
  DDoS                0.4451    0.9965    0.6154     38404
  DoS                 0.8437    0.9015    0.8716     58124
  NormalTraffic       0.9962    0.8409    0.9120    628518
  PortScan            0.3690    0.9986    0.5389     27208
  macro avg           0.6635    0.9344    0.7345    752254
  Accuracy (train classes): 0.8592   train=0.9966   gap=+0.1373   holdout=3972

  -> saved best_model.bin / _W.csv / _b.csv
  ** New best acc=0.8592 — model saved.


[20:07:16] === Epoch 5 ===
  Class                 Prec    Recall        F1   Support
  DDoS                0.4429    0.9973    0.6134     38404
  DoS                 0.8394    0.9015    0.8694     58124
  NormalTraffic       0.9976    0.8469    0.9161    628518
  PortScan            0.3893    0.9986    0.5602     27208
  macro avg           0.6673    0.9361    0.7398    752254
  Accuracy (train classes): 0.8643   train=0.9973   gap=+0.1331   holdout=3972

  -> saved best_model.bin / _W.csv / _b.csv
  ** New best acc=0.8643 — model saved.


[20:07:16] epoch   6  step    200  lr=4.99e-02  loss=0.3167   
[20:07:16] === Epoch 6 ===
  Class                 Prec    Recall        F1   Support
  DDoS                0.4479    0.9977    0.6182     38404
  DoS                 0.8198    0.9030    0.8594     58124
  NormalTraffic       0.9978    0.8449    0.9150    628518
  PortScan            0.3858    0.9986    0.5565     27208
  macro avg           0.6628    0.9361    0.7373    752254
  Accuracy (train classes): 0.8628   train=0.9976   gap=+0.1349   holdout=3972


[20:07:16] === Epoch 7 ===
  Class                 Prec    Recall        F1   Support
  DDoS                0.4493    0.9981    0.6197     38404
  DoS                 0.8212    0.9034    0.8603     58124
  NormalTraffic       0.9979    0.8453    0.9153    628518
  PortScan            0.3848    0.9986    0.5555     27208
  macro avg           0.6633    0.9363    0.7377    752254
  Accuracy (train classes): 0.8631   train=0.9980   gap=+0.1349   holdout=3972


[20:07:16] === Epoch 8 ===
  Class                 Prec    Recall        F1   Support
  DDoS                0.4532    0.9980    0.6233     38404
  DoS                 0.8456    0.9043    0.8740     58124
  NormalTraffic       0.9979    0.8481    0.9170    628518
  PortScan            0.3808    0.9986    0.5514     27208
  macro avg           0.6694    0.9373    0.7414    752254
  Accuracy (train classes): 0.8656   train=0.9980   gap=+0.1324   holdout=3972

  -> saved best_model.bin / _W.csv / _b.csv
  ** New best acc=0.8656 — model saved.


[20:07:16] epoch   9  step    300  lr=4.98e-02  loss=0.3396   
[20:07:17] === Epoch 9 ===
  Class                 Prec    Recall        F1   Support
  DDoS                0.4612    0.9981    0.6309     38404
  DoS                 0.8312    0.9039    0.8660     58124
  NormalTraffic       0.9964    0.8517    0.9184    628518
  PortScan            0.3955    0.9986    0.5666     27208
  macro avg           0.6711    0.9381    0.7455    752254
  Accuracy (train classes): 0.8685   train=0.9980   gap=+0.1295   holdout=3972

  -> saved best_model.bin / _W.csv / _b.csv
  ** New best acc=0.8685 — model saved.


[20:07:17] === Epoch 10 ===
  Class                 Prec    Recall        F1   Support
  DDoS                0.4661    0.9987    0.6355     38404
  DoS                 0.7748    0.9049    0.8348     58124
  NormalTraffic       0.9964    0.8534    0.9194    628518
  PortScan            0.4260    0.9986    0.5972     27208
  macro avg           0.6658    0.9389    0.7467    752254
  Accuracy (train classes): 0.8701   train=0.9988   gap=+0.1287   holdout=3972

  -> saved best_model.bin / _W.csv / _b.csv
  ** New best acc=0.8701 — model saved.


[20:07:17] === Epoch 11 ===
  Class                 Prec    Recall        F1   Support
  DDoS                0.4644    0.9988    0.6340     38404
  DoS                 0.7851    0.9047    0.8407     58124
  NormalTraffic       0.9965    0.8565    0.9212    628518
  PortScan            0.4348    0.9986    0.6059     27208
  macro avg           0.6702    0.9396    0.7504    752254
  Accuracy (train classes): 0.8726   train=0.9987   gap=+0.1261   holdout=3972

  -> saved best_model.bin / _W.csv / _b.csv
  ** New best acc=0.8726 — model saved.


[20:07:17] epoch  12  step    400  lr=4.96e-02  loss=0.3286   
[20:07:17] === Epoch 12 ===
  Class                 Prec    Recall        F1   Support
  DDoS                0.4680    0.9989    0.6374     38404
  DoS                 0.7867    0.9060    0.8421     58124
  NormalTraffic       0.9965    0.8576    0.9219    628518
  PortScan            0.4351    0.9986    0.6061     27208
  macro avg           0.6716    0.9403    0.7519    752254
  Accuracy (train classes): 0.8737   train=0.9988   gap=+0.1252   holdout=3972

  -> saved best_model.bin / _W.csv / _b.csv
  ** New best acc=0.8737 — model saved.


[20:07:17] === Epoch 13 ===
  Class                 Prec    Recall        F1   Support
  DDoS                0.4674    0.9990    0.6368     38404
  DoS                 0.8423    0.9060    0.8730     58124
  NormalTraffic       0.9965    0.8556    0.9207    628518
  PortScan            0.3993    0.9985    0.5704     27208
  macro avg           0.6764    0.9398    0.7502    752254
  Accuracy (train classes): 0.8720   train=0.9989   gap=+0.1270   holdout=3972


[20:07:17] === Epoch 14 ===
  Class                 Prec    Recall        F1   Support
  DDoS                0.4727    0.9989    0.6418     38404
  DoS                 0.7547    0.9071    0.8239     58124
  NormalTraffic       0.9966    0.8589    0.9226    628518
  PortScan            0.4559    0.9986    0.6260     27208
  macro avg           0.6700    0.9409    0.7536    752254
  Accuracy (train classes): 0.8748   train=0.9989   gap=+0.1241   holdout=3972

  -> saved best_model.bin / _W.csv / _b.csv
  ** New best acc=0.8748 — model saved.


[20:07:17] epoch  15  step    500  lr=4.94e-02  loss=0.3273   
[20:07:17] === Epoch 15 ===
  Class                 Prec    Recall        F1   Support
  DDoS                0.4721    0.9989    0.6411     38404
  DoS                 0.7238    0.9086    0.8057     58124
  NormalTraffic       0.9967    0.8546    0.9202    628518
  PortScan            0.4594    0.9986    0.6293     27208
  macro avg           0.6630    0.9402    0.7491    752254
  Accuracy (train classes): 0.8713   train=0.9989   gap=+0.1276   holdout=3972


[20:07:17] === Epoch 16 ===
  Class                 Prec    Recall        F1   Support
  DDoS                0.4863    0.9989    0.6541     38404
  DoS                 0.7996    0.9083    0.8505     58124
  NormalTraffic       0.9967    0.8671    0.9274    628518
  PortScan            0.4488    0.9986    0.6193     27208
  macro avg           0.6828    0.9432    0.7628    752254
  Accuracy (train classes): 0.8818   train=0.9989   gap=+0.1172   holdout=3972

  -> saved best_model.bin / _W.csv / _b.csv
  ** New best acc=0.8818 — model saved.


[20:07:17] === Epoch 17 ===
  Class                 Prec    Recall        F1   Support
  DDoS                0.4785    0.9989    0.6470     38404
  DoS                 0.7652    0.9096    0.8312     58124
  NormalTraffic       0.9968    0.8646    0.9260    628518
  PortScan            0.4698    0.9986    0.6390     27208
  macro avg           0.6776    0.9429    0.7608    752254
  Accuracy (train classes): 0.8798   train=0.9989   gap=+0.1191   holdout=3972


[20:07:17] epoch  18  step    600  lr=4.91e-02  loss=0.3243   
[20:07:17] === Epoch 18 ===
  Class                 Prec    Recall        F1   Support
  DDoS                0.4817    0.9989    0.6500     38404
  DoS                 0.7945    0.9096    0.8481     58124
  NormalTraffic       0.9969    0.8701    0.9292    628518
  PortScan            0.4726    0.9986    0.6416     27208
  macro avg           0.6864    0.9443    0.7672    752254
  Accuracy (train classes): 0.8844   train=0.9989   gap=+0.1146   holdout=3972

  -> saved best_model.bin / _W.csv / _b.csv
  ** New best acc=0.8844 — model saved.


[20:07:17] === Epoch 19 ===
  Class                 Prec    Recall        F1   Support
  DDoS                0.4810    0.9989    0.6493     38404
  DoS                 0.7957    0.9096    0.8489     58124
  NormalTraffic       0.9969    0.8680    0.9280    628518
  PortScan            0.4621    0.9986    0.6318     27208
  macro avg           0.6839    0.9438    0.7645    752254
  Accuracy (train classes): 0.8826   train=0.9989   gap=+0.1163   holdout=3972


[20:07:17] epoch  20  step    700  lr=4.88e-02  loss=0.2561   
[20:07:17] === Epoch 20 ===
  Class                 Prec    Recall        F1   Support
  DDoS                0.4870    0.9989    0.6548     38404
  DoS                 0.7902    0.9102    0.8459     58124
  NormalTraffic       0.9969    0.8786    0.9340    628518
  PortScan            0.5162    0.9986    0.6806     27208
  macro avg           0.6976    0.9466    0.7788    752254
  Accuracy (train classes): 0.8915   train=0.9989   gap=+0.1074   holdout=3972

  -> saved best_model.bin / _W.csv / _b.csv
  ** New best acc=0.8915 — model saved.


[20:07:17] === Epoch 21 ===
  Class                 Prec    Recall        F1   Support
  DDoS                0.4837    0.9989    0.6518     38404
  DoS                 0.8380    0.9243    0.8790     58124
  NormalTraffic       0.9984    0.8811    0.9361    628518
  PortScan            0.5015    0.9986    0.6677     27208
  macro avg           0.7054    0.9507    0.7836    752254
  Accuracy (train classes): 0.8947   train=0.9989   gap=+0.1043   holdout=3972

  -> saved best_model.bin / _W.csv / _b.csv
  ** New best acc=0.8947 — model saved.


[20:07:17] === Epoch 22 ===
  Class                 Prec    Recall        F1   Support
  DDoS                0.4855    0.9989    0.6534     38404
  DoS                 0.8281    0.9101    0.8671     58124
  NormalTraffic       0.9969    0.8829    0.9364    628518
  PortScan            0.5153    0.9986    0.6798     27208
  macro avg           0.7064    0.9476    0.7842    752254
  Accuracy (train classes): 0.8951   train=0.9989   gap=+0.1038   holdout=3972

  -> saved best_model.bin / _W.csv / _b.csv
  ** New best acc=0.8951 — model saved.


[20:07:17] epoch  23  step    800  lr=4.84e-02  loss=0.2711   
[20:07:17] === Epoch 23 ===
  Class                 Prec    Recall        F1   Support
  DDoS                0.5029    0.9988    0.6690     38404
  DoS                 0.8435    0.9101    0.8755     58124
  NormalTraffic       0.9969    0.8816    0.9357    628518
  PortScan            0.4733    0.9986    0.6422     27208
  macro avg           0.7041    0.9473    0.7806    752254
  Accuracy (train classes): 0.8941   train=0.9989   gap=+0.1049   holdout=3972


[20:07:17] === Epoch 24 ===
  Class                 Prec    Recall        F1   Support
  DDoS                0.4947    0.9988    0.6617     38404
  DoS                 0.8314    0.9103    0.8691     58124
  NormalTraffic       0.9969    0.8728    0.9307    628518
  PortScan            0.4469    0.9986    0.6174     27208
  macro avg           0.6925    0.9451    0.7697    752254
  Accuracy (train classes): 0.8867   train=0.9989   gap=+0.1123   holdout=3972


[20:07:18] === Epoch 25 ===
  Class                 Prec    Recall        F1   Support
  DDoS                0.4936    0.9988    0.6607     38404
  DoS                 0.8543    0.9104    0.8815     58124
  NormalTraffic       0.9969    0.8589    0.9228    628518
  PortScan            0.3820    0.9981    0.5525     27208
  macro avg           0.6817    0.9416    0.7544    752254
  Accuracy (train classes): 0.8751   train=0.9989   gap=+0.1239   holdout=3972


[20:07:18] epoch  26  step    900  lr=4.80e-02  loss=0.2940   
[20:07:18] === Epoch 26 ===
  Class                 Prec    Recall        F1   Support
  DDoS                0.4886    0.9988    0.6562     38404
  DoS                 0.8421    0.9105    0.8750     58124
  NormalTraffic       0.9969    0.8608    0.9239    628518
  PortScan            0.3982    0.9986    0.5694     27208
  macro avg           0.6815    0.9422    0.7561    752254
  Accuracy (train classes): 0.8766   train=0.9989   gap=+0.1223   holdout=3972


[20:07:18] === Epoch 27 ===
  Class                 Prec    Recall        F1   Support
  DDoS                0.4930    0.9988    0.6601     38404
  DoS                 0.8310    0.9101    0.8688     58124
  NormalTraffic       0.9969    0.8826    0.9363    628518
  PortScan            0.5001    0.9986    0.6665     27208
  macro avg           0.7053    0.9475    0.7829    752254
  Accuracy (train classes): 0.8949   train=0.9989   gap=+0.1041   holdout=3972


[20:07:18] === Epoch 28 ===
  Class                 Prec    Recall        F1   Support
  DDoS                0.4951    0.9988    0.6621     38404
  DoS                 0.8387    0.9102    0.8730     58124
  NormalTraffic       0.9968    0.8730    0.9308    628518
  PortScan            0.4435    0.9986    0.6142     27208
  macro avg           0.6936    0.9452    0.7700    752254
  Accuracy (train classes): 0.8869   train=0.9989   gap=+0.1121   holdout=3972


[20:07:18] epoch  29  step   1000  lr=4.76e-02  loss=0.2502   
[20:07:18] === Epoch 29 ===
  Class                 Prec    Recall        F1   Support
  DDoS                0.5050    0.9988    0.6708     38404
  DoS                 0.8349    0.9101    0.8709     58124
  NormalTraffic       0.9969    0.8974    0.9445    628518
  PortScan            0.5758    0.9984    0.7304     27208
  macro avg           0.7281    0.9512    0.8041    752254
  Accuracy (train classes): 0.9072   train=0.9989   gap=+0.0917   holdout=3972

  -> saved best_model.bin / _W.csv / _b.csv
  ** New best acc=0.9072 — model saved.


[20:07:18] === Epoch 30 ===
  Class                 Prec    Recall        F1   Support
  DDoS                0.5038    0.9988    0.6697     38404
  DoS                 0.8335    0.9103    0.8702     58124
  NormalTraffic       0.9969    0.8913    0.9411    628518
  PortScan            0.5357    0.9986    0.6973     27208
  macro avg           0.7175    0.9497    0.7946    752254
  Accuracy (train classes): 0.9021   train=0.9989   gap=+0.0968   holdout=3972


[20:07:18] === Epoch 31 ===
  Class                 Prec    Recall        F1   Support
  DDoS                0.5050    0.9988    0.6708     38404
  DoS                 0.8291    0.9252    0.8745     58124
  NormalTraffic       0.9984    0.8889    0.9405    628518
  PortScan            0.5240    0.9986    0.6873     27208
  macro avg           0.7141    0.9529    0.7933    752254
  Accuracy (train classes): 0.9013   train=0.9989   gap=+0.0975   holdout=3972


[20:07:18] epoch  32  step   1100  lr=4.71e-02  loss=0.2452   
[20:07:18] === Epoch 32 ===
  Class                 Prec    Recall        F1   Support
  DDoS                0.4963    0.9988    0.6631     38404
  DoS                 0.8553    0.9104    0.8820     58124
  NormalTraffic       0.9969    0.8848    0.9375    628518
  PortScan            0.4913    0.9982    0.6585     27208
  macro avg           0.7099    0.9480    0.7853    752254
  Accuracy (train classes): 0.8967   train=0.9989   gap=+0.1022   holdout=3972


[20:07:18] === Epoch 33 ===
  Class                 Prec    Recall        F1   Support
  DDoS                0.5060    0.9988    0.6717     38404
  DoS                 0.8496    0.9102    0.8789     58124
  NormalTraffic       0.9969    0.8723    0.9304    628518
  PortScan            0.4232    0.9986    0.5945     27208
  macro avg           0.6939    0.9450    0.7689    752254
  Accuracy (train classes): 0.8863   train=0.9989   gap=+0.1126   holdout=3972


[20:07:18] === Epoch 34 ===
  Class                 Prec    Recall        F1   Support
  DDoS                0.5104    0.9987    0.6755     38404
  DoS                 0.8362    0.9103    0.8717     58124
  NormalTraffic       0.9969    0.9012    0.9467    628518
  PortScan            0.5950    0.9985    0.7456     27208
  macro avg           0.7346    0.9522    0.8099    752254
  Accuracy (train classes): 0.9104   train=0.9989   gap=+0.0885   holdout=3972

  -> saved best_model.bin / _W.csv / _b.csv
  ** New best acc=0.9104 — model saved.


[20:07:18] epoch  35  step   1200  lr=4.65e-02  loss=0.2656   
[20:07:18] === Epoch 35 ===
  Class                 Prec    Recall        F1   Support
  DDoS                0.5056    0.9988    0.6714     38404
  DoS                 0.8426    0.9105    0.8752     58124
  NormalTraffic       0.9969    0.8958    0.9437    628518
  PortScan            0.5565    0.9985    0.7147     27208
  macro avg           0.7254    0.9509    0.8012    752254
  Accuracy (train classes): 0.9059   train=0.9989   gap=+0.0930   holdout=3972


[20:07:18] === Epoch 36 ===
  Class                 Prec    Recall        F1   Support
  DDoS                0.5060    0.9988    0.6717     38404
  DoS                 0.8574    0.9102    0.8830     58124
  NormalTraffic       0.9969    0.8619    0.9245    628518
  PortScan            0.3808    0.9983    0.5513     27208
  macro avg           0.6853    0.9423    0.7576    752254
  Accuracy (train classes): 0.8776   train=0.9989   gap=+0.1213   holdout=3972


[20:07:18] === Epoch 37 ===
  Class                 Prec    Recall        F1   Support
  DDoS                0.5102    0.9988    0.6754     38404
  DoS                 0.8357    0.9104    0.8714     58124
  NormalTraffic       0.9969    0.8951    0.9433    628518
  PortScan            0.5495    0.9985    0.7089     27208
  macro avg           0.7231    0.9507    0.7997    752254
  Accuracy (train classes): 0.9053   train=0.9989   gap=+0.0936   holdout=3972


[20:07:18] epoch  38  step   1300  lr=4.59e-02  loss=0.2500   
[20:07:18] === Epoch 38 ===
  Class                 Prec    Recall        F1   Support
  DDoS                0.5090    0.9987    0.6744     38404
  DoS                 0.8381    0.9250    0.8794     58124
  NormalTraffic       0.9984    0.8993    0.9463    628518
  PortScan            0.5830    0.9985    0.7362     27208
  macro avg           0.7321    0.9554    0.8091    752254
  Accuracy (train classes): 0.9100   train=0.9989   gap=+0.0889   holdout=3972


[20:07:18] === Epoch 39 ===
  Class                 Prec    Recall        F1   Support
  DDoS                0.5072    0.9988    0.6727     38404
  DoS                 0.8357    0.9251    0.8781     58124
  NormalTraffic       0.9984    0.8977    0.9454    628518
  PortScan            0.5760    0.9985    0.7306     27208
  macro avg           0.7293    0.9550    0.8067    752254
  Accuracy (train classes): 0.9086   train=0.9989   gap=+0.0903   holdout=3972


[20:07:18] epoch  40  step   1400  lr=4.53e-02  loss=0.2799   
[20:07:18] === Epoch 40 ===
  Class                 Prec    Recall        F1   Support
  DDoS                0.5102    0.9987    0.6754     38404
  DoS                 0.8561    0.9257    0.8896     58124
  NormalTraffic       0.9985    0.8921    0.9423    628518
  PortScan            0.5159    0.9986    0.6803     27208
  macro avg           0.7202    0.9538    0.7969    752254
  Accuracy (train classes): 0.9040   train=0.9989   gap=+0.0949   holdout=3972


[20:07:18] === Epoch 41 ===
  Class                 Prec    Recall        F1   Support
  DDoS                0.5114    0.9987    0.6764     38404
  DoS                 0.8488    0.9107    0.8787     58124
  NormalTraffic       0.9969    0.9001    0.9461    628518
  PortScan            0.5730    0.9985    0.7282     27208
  macro avg           0.7325    0.9520    0.8073    752254
  Accuracy (train classes): 0.9095   train=0.9989   gap=+0.0893   holdout=3972


[20:07:19] === Epoch 42 ===
  Class                 Prec    Recall        F1   Support
  DDoS                0.5087    0.9988    0.6741     38404
  DoS                 0.8394    0.9251    0.8802     58124
  NormalTraffic       0.9984    0.8901    0.9412    628518
  PortScan            0.5180    0.9986    0.6822     27208
  macro avg           0.7162    0.9532    0.7944    752254
  Accuracy (train classes): 0.9023   train=0.9989   gap=+0.0966   holdout=3972


[20:07:19] epoch  43  step   1500  lr=4.47e-02  loss=0.2218   
[20:07:19] === Epoch 43 ===
  Class                 Prec    Recall        F1   Support
  DDoS                0.5116    0.9987    0.6766     38404
  DoS                 0.8434    0.9251    0.8824     58124
  NormalTraffic       0.9984    0.9011    0.9472    628518
  PortScan            0.5868    0.9985    0.7392     27208
  macro avg           0.7351    0.9559    0.8114    752254
  Accuracy (train classes): 0.9114   train=0.9989   gap=+0.0874   holdout=3972

  -> saved best_model.bin / _W.csv / _b.csv
  ** New best acc=0.9114 — model saved.


[20:07:19] === Epoch 44 ===
  Class                 Prec    Recall        F1   Support
  DDoS                0.5121    0.9987    0.6770     38404
  DoS                 0.8403    0.9108    0.8741     58124
  NormalTraffic       0.9970    0.9016    0.9469    628518
  PortScan            0.5913    0.9983    0.7427     27208
  macro avg           0.7352    0.9524    0.8102    752254
  Accuracy (train classes): 0.9108   train=0.9989   gap=+0.0881   holdout=3972


[20:07:19] === Epoch 45 ===
  Class                 Prec    Recall        F1   Support
  DDoS                0.5106    0.9987    0.6757     38404
  DoS                 0.8358    0.9255    0.8784     58124
  NormalTraffic       0.9985    0.8958    0.9443    628518
  PortScan            0.5560    0.9985    0.7143     27208
  macro avg           0.7252    0.9546    0.8032    752254
  Accuracy (train classes): 0.9071   train=0.9989   gap=+0.0918   holdout=3972


[20:07:19] epoch  46  step   1600  lr=4.40e-02  loss=0.2613   
[20:07:19] === Epoch 46 ===
  Class                 Prec    Recall        F1   Support
  DDoS                0.5112    0.9987    0.6763     38404
  DoS                 0.8497    0.9255    0.8860     58124
  NormalTraffic       0.9985    0.8836    0.9376    628518
  PortScan            0.4706    0.9982    0.6397     27208
  macro avg           0.7075    0.9515    0.7849    752254
  Accuracy (train classes): 0.8969   train=0.9989   gap=+0.1020   holdout=3972


[20:07:19] === Epoch 47 ===
  Class                 Prec    Recall        F1   Support
  DDoS                0.5137    0.9987    0.6784     38404
  DoS                 0.8400    0.9113    0.8742     58124
  NormalTraffic       0.9970    0.9033    0.9478    628518
  PortScan            0.6021    0.9985    0.7512     27208
  macro avg           0.7382    0.9529    0.8129    752254
  Accuracy (train classes): 0.9122   train=0.9988   gap=+0.0866   holdout=3972

  -> saved best_model.bin / _W.csv / _b.csv
  ** New best acc=0.9122 — model saved.


[20:07:19] === Epoch 48 ===
  Class                 Prec    Recall        F1   Support
  DDoS                0.5158    0.9987    0.6803     38404
  DoS                 0.8381    0.9257    0.8797     58124
  NormalTraffic       0.9985    0.8913    0.9419    628518
  PortScan            0.5165    0.9986    0.6808     27208
  macro avg           0.7172    0.9536    0.7957    752254
  Accuracy (train classes): 0.9034   train=0.9988   gap=+0.0955   holdout=3972


[20:07:19] epoch  49  step   1700  lr=4.32e-02  loss=0.2162   
[20:07:19] === Epoch 49 ===
  Class                 Prec    Recall        F1   Support
  DDoS                0.5164    0.9987    0.6808     38404
  DoS                 0.8517    0.9252    0.8869     58124
  NormalTraffic       0.9984    0.8996    0.9464    628518
  PortScan            0.5597    0.9985    0.7174     27208
  macro avg           0.7316    0.9555    0.8079    752254
  Accuracy (train classes): 0.9102   train=0.9988   gap=+0.0886   holdout=3972


[20:07:19] === Epoch 50 ===
  Class                 Prec    Recall        F1   Support
  DDoS                0.5136    0.9987    0.6783     38404
  DoS                 0.8454    0.9109    0.8769     58124
  NormalTraffic       0.9969    0.8957    0.9436    628518
  PortScan            0.5409    0.9986    0.7017     27208
  macro avg           0.7242    0.9510    0.8001    752254
  Accuracy (train classes): 0.9059   train=0.9988   gap=+0.0930   holdout=3972


[20:07:19] === Epoch 51 ===
  Class                 Prec    Recall        F1   Support
  DDoS                0.5111    0.9988    0.6761     38404
  DoS                 0.8384    0.9257    0.8799     58124
  NormalTraffic       0.9985    0.8894    0.9408    628518
  PortScan            0.5108    0.9986    0.6759     27208
  macro avg           0.7147    0.9531    0.7932    752254
  Accuracy (train classes): 0.9017   train=0.9989   gap=+0.0972   holdout=3972


[20:07:19] epoch  52  step   1800  lr=4.24e-02  loss=0.2212   
[20:07:19] === Epoch 52 ===
  Class                 Prec    Recall        F1   Support
  DDoS                0.5137    0.9988    0.6784     38404
  DoS                 0.8584    0.9262    0.8910     58124
  NormalTraffic       0.9986    0.8930    0.9428    628518
  PortScan            0.5142    0.9986    0.6789     27208
  macro avg           0.7212    0.9541    0.7978    752254
  Accuracy (train classes): 0.9047   train=0.9988   gap=+0.0941   holdout=3972


[20:07:19] === Epoch 53 ===
  Class                 Prec    Recall        F1   Support
  DDoS                0.5173    0.9988    0.6816     38404
  DoS                 0.8413    0.9259    0.8816     58124
  NormalTraffic       0.9985    0.8899    0.9411    628518
  PortScan            0.5033    0.9981    0.6692     27208
  macro avg           0.7151    0.9532    0.7934    752254
  Accuracy (train classes): 0.9022   train=0.9989   gap=+0.0967   holdout=3972


[20:07:19] === Epoch 54 ===
  Class                 Prec    Recall        F1   Support
  DDoS                0.5185    0.9987    0.6826     38404
  DoS                 0.8464    0.9252    0.8840     58124
  NormalTraffic       0.9984    0.8948    0.9438    628518
  PortScan            0.5282    0.9982    0.6908     27208
  macro avg           0.7229    0.9542    0.8003    752254
  Accuracy (train classes): 0.9062   train=0.9988   gap=+0.0926   holdout=3972


[20:07:19] epoch  55  step   1900  lr=4.16e-02  loss=0.2473   
[20:07:19] === Epoch 55 ===
  Class                 Prec    Recall        F1   Support
  DDoS                0.5157    0.9988    0.6802     38404
  DoS                 0.8594    0.9113    0.8846     58124
  NormalTraffic       0.9970    0.8961    0.9439    628518
  PortScan            0.5297    0.9986    0.6922     27208
  macro avg           0.7254    0.9512    0.8002    752254
  Accuracy (train classes): 0.9063   train=0.9989   gap=+0.0926   holdout=3972


[20:07:19] === Epoch 56 ===
  Class                 Prec    Recall        F1   Support
  DDoS                0.5230    0.9987    0.6865     38404
  DoS                 0.8411    0.9261    0.8816     58124
  NormalTraffic       0.9985    0.9027    0.9482    628518
  PortScan            0.5816    0.9985    0.7351     27208
  macro avg           0.7360    0.9565    0.8128    752254
  Accuracy (train classes): 0.9129   train=0.9988   gap=+0.0860   holdout=3972

  -> saved best_model.bin / _W.csv / _b.csv
  ** New best acc=0.9129 — model saved.


[20:07:19] === Epoch 57 ===
  Class                 Prec    Recall        F1   Support
  DDoS                0.5147    0.9987    0.6793     38404
  DoS                 0.8585    0.9259    0.8909     58124
  NormalTraffic       0.9985    0.8962    0.9446    628518
  PortScan            0.5333    0.9985    0.6953     27208
  macro avg           0.7263    0.9548    0.8025    752254
  Accuracy (train classes): 0.9074   train=0.9988   gap=+0.0914   holdout=3972


[20:07:19] epoch  58  step   2000  lr=4.08e-02  loss=0.2392   
[20:07:20] === Epoch 58 ===
  Class                 Prec    Recall        F1   Support
  DDoS                0.5216    0.9987    0.6853     38404
  DoS                 0.8435    0.9256    0.8826     58124
  NormalTraffic       0.9984    0.8995    0.9464    628518
  PortScan            0.5581    0.9986    0.7160     27208
  macro avg           0.7304    0.9556    0.8076    752254
  Accuracy (train classes): 0.9102   train=0.9988   gap=+0.0887   holdout=3972


[20:07:20] === Epoch 59 ===
  Class                 Prec    Recall        F1   Support
  DDoS                0.5150    0.9988    0.6796     38404
  DoS                 0.8583    0.9261    0.8909     58124
  NormalTraffic       0.9985    0.9036    0.9487    628518
  PortScan            0.5866    0.9983    0.7389     27208
  macro avg           0.7396    0.9567    0.8145    752254
  Accuracy (train classes): 0.9136   train=0.9988   gap=+0.0852   holdout=3972

  -> saved best_model.bin / _W.csv / _b.csv
  ** New best acc=0.9136 — model saved.


[20:07:20] epoch  60  step   2100  lr=3.99e-02  loss=0.2100   
[20:07:20] === Epoch 60 ===
  Class                 Prec    Recall        F1   Support
  DDoS                0.5286    0.9987    0.6913     38404
  DoS                 0.8437    0.9261    0.8830     58124
  NormalTraffic       0.9985    0.9069    0.9505    628518
  PortScan            0.6031    0.9985    0.7520     27208
  macro avg           0.7435    0.9575    0.8192    752254
  Accuracy (train classes): 0.9164   train=0.9988   gap=+0.0825   holdout=3972

  -> saved best_model.bin / _W.csv / _b.csv
  ** New best acc=0.9164 — model saved.


[20:07:20] === Epoch 61 ===
  Class                 Prec    Recall        F1   Support
  DDoS                0.5313    0.9987    0.6936     38404
  DoS                 0.8445    0.9266    0.8837     58124
  NormalTraffic       0.9985    0.9055    0.9498    628518
  PortScan            0.5862    0.9983    0.7387     27208
  macro avg           0.7401    0.9573    0.8164    752254
  Accuracy (train classes): 0.9153   train=0.9988   gap=+0.0836   holdout=3972


[20:07:20] === Epoch 62 ===
  Class                 Prec    Recall        F1   Support
  DDoS                0.5154    0.9987    0.6800     38404
  DoS                 0.8570    0.9257    0.8901     58124
  NormalTraffic       0.9985    0.9038    0.9488    628518
  PortScan            0.5886    0.9985    0.7406     27208
  macro avg           0.7399    0.9567    0.8148    752254
  Accuracy (train classes): 0.9137   train=0.9988   gap=+0.0851   holdout=3972


[20:07:20] epoch  63  step   2200  lr=3.90e-02  loss=0.2563   
[20:07:20] === Epoch 63 ===
  Class                 Prec    Recall        F1   Support
  DDoS                0.5203    0.9987    0.6842     38404
  DoS                 0.8461    0.9265    0.8845     58124
  NormalTraffic       0.9985    0.9038    0.9488    628518
  PortScan            0.5905    0.9983    0.7421     27208
  macro avg           0.7389    0.9568    0.8149    752254
  Accuracy (train classes): 0.9138   train=0.9988   gap=+0.0850   holdout=3972


[20:07:20] === Epoch 64 ===
  Class                 Prec    Recall        F1   Support
  DDoS                0.5348    0.9987    0.6966     38404
  DoS                 0.8512    0.9258    0.8869     58124
  NormalTraffic       0.9985    0.9070    0.9506    628518
  PortScan            0.5862    0.9985    0.7387     27208
  macro avg           0.7427    0.9575    0.8182    752254
  Accuracy (train classes): 0.9165   train=0.9988   gap=+0.0823   holdout=3972

  -> saved best_model.bin / _W.csv / _b.csv
  ** New best acc=0.9165 — model saved.


[20:07:20] === Epoch 65 ===
  Class                 Prec    Recall        F1   Support
  DDoS                0.5221    0.9987    0.6857     38404
  DoS                 0.8592    0.9256    0.8912     58124
  NormalTraffic       0.9985    0.9058    0.9499    628518
  PortScan            0.5910    0.9983    0.7424     27208
  macro avg           0.7427    0.9571    0.8173    752254
  Accuracy (train classes): 0.9155   train=0.9988   gap=+0.0834   holdout=3972


[20:07:20] epoch  66  step   2300  lr=3.81e-02  loss=0.2201   
[20:07:20] === Epoch 66 ===
  Class                 Prec    Recall        F1   Support
  DDoS                0.5339    0.9987    0.6958     38404
  DoS                 0.8448    0.9262    0.8836     58124
  NormalTraffic       0.9985    0.9083    0.9513    628518
  PortScan            0.6039    0.9982    0.7526     27208
  macro avg           0.7453    0.9579    0.8208    752254
  Accuracy (train classes): 0.9175   train=0.9988   gap=+0.0813   holdout=3972

  -> saved best_model.bin / _W.csv / _b.csv
  ** New best acc=0.9175 — model saved.


[20:07:20] === Epoch 67 ===
  Class                 Prec    Recall        F1   Support
  DDoS                0.5214    0.9987    0.6851     38404
  DoS                 0.8492    0.9254    0.8857     58124
  NormalTraffic       0.9984    0.9042    0.9490    628518
  PortScan            0.5884    0.9985    0.7405     27208
  macro avg           0.7394    0.9567    0.8151    752254
  Accuracy (train classes): 0.9141   train=0.9988   gap=+0.0848   holdout=3972


[20:07:20] === Epoch 68 ===
  Class                 Prec    Recall        F1   Support
  DDoS                0.5252    0.9987    0.6884     38404
  DoS                 0.8444    0.9257    0.8832     58124
  NormalTraffic       0.9985    0.8977    0.9454    628518
  PortScan            0.5387    0.9985    0.6998     27208
  macro avg           0.7267    0.9551    0.8042    752254
  Accuracy (train classes): 0.9086   train=0.9988   gap=+0.0902   holdout=3972


[20:07:20] epoch  69  step   2400  lr=3.71e-02  loss=0.1995   
[20:07:20] === Epoch 69 ===
  Class                 Prec    Recall        F1   Support
  DDoS                0.5297    0.9987    0.6923     38404
  DoS                 0.8430    0.9261    0.8826     58124
  NormalTraffic       0.9985    0.9056    0.9498    628518
  PortScan            0.5906    0.9983    0.7422     27208
  macro avg           0.7405    0.9571    0.8167    752254
  Accuracy (train classes): 0.9152   train=0.9988   gap=+0.0836   holdout=3972


[20:07:20] === Epoch 70 ===
  Class                 Prec    Recall        F1   Support
  DDoS                0.5335    0.9987    0.6955     38404
  DoS                 0.8454    0.9261    0.8839     58124
  NormalTraffic       0.9985    0.9080    0.9511    628518
  PortScan            0.6014    0.9982    0.7506     27208
  macro avg           0.7447    0.9578    0.8203    752254
  Accuracy (train classes): 0.9173   train=0.9988   gap=+0.0816   holdout=3972


[20:07:20] === Epoch 71 ===
  Class                 Prec    Recall        F1   Support
  DDoS                0.5366    0.9987    0.6981     38404
  DoS                 0.8438    0.9260    0.8830     58124
  NormalTraffic       0.9985    0.9060    0.9500    628518
  PortScan            0.5822    0.9985    0.7355     27208
  macro avg           0.7403    0.9573    0.8167    752254
  Accuracy (train classes): 0.9157   train=0.9988   gap=+0.0831   holdout=3972


[20:07:20] epoch  72  step   2500  lr=3.61e-02  loss=0.2357   
[20:07:20] === Epoch 72 ===
  Class                 Prec    Recall        F1   Support
  DDoS                0.5325    0.9987    0.6946     38404
  DoS                 0.8526    0.9342    0.8915     58124
  NormalTraffic       0.9985    0.9091    0.9517    628518
  PortScan            0.6134    0.9982    0.7599     27208
  macro avg           0.7492    0.9601    0.8244    752254
  Accuracy (train classes): 0.9188   train=0.9988   gap=+0.0800   holdout=3972

  -> saved best_model.bin / _W.csv / _b.csv
  ** New best acc=0.9188 — model saved.


[20:07:20] === Epoch 73 ===
  Class                 Prec    Recall        F1   Support
  DDoS                0.5288    0.9987    0.6915     38404
  DoS                 0.8449    0.9259    0.8836     58124
  NormalTraffic       0.9985    0.9007    0.9470    628518
  PortScan            0.5533    0.9982    0.7120     27208
  macro avg           0.7314    0.9559    0.8085    752254
  Accuracy (train classes): 0.9111   train=0.9988   gap=+0.0877   holdout=3972


[20:07:21] === Epoch 74 ===
  Class                 Prec    Recall        F1   Support
  DDoS                0.5321    0.9987    0.6943     38404
  DoS                 0.8457    0.9260    0.8840     58124
  NormalTraffic       0.9985    0.9081    0.9511    628518
  PortScan            0.6046    0.9982    0.7531     27208
  macro avg           0.7452    0.9578    0.8206    752254
  Accuracy (train classes): 0.9174   train=0.9988   gap=+0.0814   holdout=3972


[20:07:21] epoch  75  step   2600  lr=3.51e-02  loss=0.2098   
[20:07:21] === Epoch 75 ===
  Class                 Prec    Recall        F1   Support
  DDoS                0.5424    0.9987    0.7030     38404
  DoS                 0.8450    0.9264    0.8839     58124
  NormalTraffic       0.9985    0.9086    0.9515    628518
  PortScan            0.5922    0.9983    0.7434     27208
  macro avg           0.7445    0.9580    0.8204    752254
  Accuracy (train classes): 0.9179   train=0.9988   gap=+0.0809   holdout=3972


[20:07:21] === Epoch 76 ===
  Class                 Prec    Recall        F1   Support
  DDoS                0.5317    0.9987    0.6940     38404
  DoS                 0.8566    0.9263    0.8901     58124
  NormalTraffic       0.9985    0.9081    0.9512    628518
  PortScan            0.5948    0.9979    0.7453     27208
  macro avg           0.7454    0.9578    0.8201    752254
  Accuracy (train classes): 0.9174   train=0.9988   gap=+0.0814   holdout=3972


[20:07:21] === Epoch 77 ===
  Class                 Prec    Recall        F1   Support
  DDoS                0.5401    0.9987    0.7011     38404
  DoS                 0.8441    0.9260    0.8831     58124
  NormalTraffic       0.9985    0.9082    0.9512    628518
  PortScan            0.5931    0.9985    0.7441     27208
  macro avg           0.7439    0.9578    0.8199    752254
  Accuracy (train classes): 0.9174   train=0.9988   gap=+0.0814   holdout=3972


[20:07:21] epoch  78  step   2700  lr=3.41e-02  loss=0.2072   
[20:07:21] === Epoch 78 ===
  Class                 Prec    Recall        F1   Support
  DDoS                0.5361    0.9987    0.6977     38404
  DoS                 0.8410    0.9262    0.8816     58124
  NormalTraffic       0.9985    0.9055    0.9497    628518
  PortScan            0.5809    0.9978    0.7343     27208
  macro avg           0.7391    0.9571    0.8158    752254
  Accuracy (train classes): 0.9152   train=0.9988   gap=+0.0836   holdout=3972


[20:07:21] === Epoch 79 ===
  Class                 Prec    Recall        F1   Support
  DDoS                0.5346    0.9987    0.6964     38404
  DoS                 0.8447    0.9346    0.8874     58124
  NormalTraffic       0.9985    0.9071    0.9506    628518
  PortScan            0.6006    0.9983    0.7500     27208
  macro avg           0.7446    0.9597    0.8211    752254
  Accuracy (train classes): 0.9172   train=0.9988   gap=+0.0816   holdout=3972


[20:07:21] epoch  80  step   2800  lr=3.31e-02  loss=0.2293   
[20:07:21] === Epoch 80 ===
  Class                 Prec    Recall        F1   Support
  DDoS                0.5458    0.9987    0.7058     38404
  DoS                 0.8517    0.9259    0.8872     58124
  NormalTraffic       0.9985    0.9113    0.9529    628518
  PortScan            0.6016    0.9982    0.7508     27208
  macro avg           0.7494    0.9585    0.8242    752254
  Accuracy (train classes): 0.9200   train=0.9988   gap=+0.0788   holdout=3972

  -> saved best_model.bin / _W.csv / _b.csv
  ** New best acc=0.9200 — model saved.


[20:07:21] === Epoch 81 ===
  Class                 Prec    Recall        F1   Support
  DDoS                0.5332    0.9987    0.6952     38404
  DoS                 0.8445    0.9261    0.8835     58124
  NormalTraffic       0.9985    0.9062    0.9501    628518
  PortScan            0.5888    0.9983    0.7407     27208
  macro avg           0.7413    0.9573    0.8174    752254
  Accuracy (train classes): 0.9158   train=0.9988   gap=+0.0830   holdout=3972


[20:07:21] === Epoch 82 ===
  Class                 Prec    Recall        F1   Support
  DDoS                0.5391    0.9987    0.7002     38404
  DoS                 0.8529    0.9260    0.8879     58124
  NormalTraffic       0.9985    0.9077    0.9509    628518
  PortScan            0.5827    0.9984    0.7359     27208
  macro avg           0.7433    0.9577    0.8187    752254
  Accuracy (train classes): 0.9170   train=0.9988   gap=+0.0818   holdout=3972


[20:07:21] epoch  83  step   2900  lr=3.20e-02  loss=0.2255   
[20:07:21] === Epoch 83 ===
  Class                 Prec    Recall        F1   Support
  DDoS                0.5370    0.9987    0.6984     38404
  DoS                 0.8426    0.9259    0.8823     58124
  NormalTraffic       0.9985    0.9064    0.9502    628518
  PortScan            0.5851    0.9978    0.7377     27208
  macro avg           0.7408    0.9572    0.8171    752254
  Accuracy (train classes): 0.9159   train=0.9988   gap=+0.0829   holdout=3972


[20:07:21] === Epoch 84 ===
  Class                 Prec    Recall        F1   Support
  DDoS                0.5393    0.9987    0.7004     38404
  DoS                 0.8443    0.9347    0.8872     58124
  NormalTraffic       0.9985    0.9078    0.9510    628518
  PortScan            0.5982    0.9981    0.7481     27208
  macro avg           0.7451    0.9598    0.8217    752254
  Accuracy (train classes): 0.9177   train=0.9988   gap=+0.0811   holdout=3972


[20:07:21] === Epoch 85 ===
  Class                 Prec    Recall        F1   Support
  DDoS                0.5370    0.9987    0.6984     38404
  DoS                 0.8617    0.9261    0.8928     58124
  NormalTraffic       0.9985    0.9089    0.9516    628518
  PortScan            0.5875    0.9985    0.7397     27208
  macro avg           0.7462    0.9580    0.8206    752254
  Accuracy (train classes): 0.9180   train=0.9988   gap=+0.0808   holdout=3972


[20:07:21] epoch  86  step   3000  lr=3.10e-02  loss=0.2277   
[20:07:21] === Epoch 86 ===
  Class                 Prec    Recall        F1   Support
  DDoS                0.5466    0.9987    0.7065     38404
  DoS                 0.8620    0.9264    0.8930     58124
  NormalTraffic       0.9985    0.9118    0.9532    628518
  PortScan            0.5949    0.9982    0.7455     27208
  macro avg           0.7505    0.9588    0.8245    752254
  Accuracy (train classes): 0.9205   train=0.9988   gap=+0.0783   holdout=3972

  -> saved best_model.bin / _W.csv / _b.csv
  ** New best acc=0.9205 — model saved.


[20:07:21] === Epoch 87 ===
  Class                 Prec    Recall        F1   Support
  DDoS                0.5430    0.9987    0.7035     38404
  DoS                 0.8660    0.9263    0.8952     58124
  NormalTraffic       0.9985    0.9090    0.9517    628518
  PortScan            0.5748    0.9985    0.7296     27208
  macro avg           0.7456    0.9581    0.8200    752254
  Accuracy (train classes): 0.9182   train=0.9988   gap=+0.0806   holdout=3972


[20:07:21] === Epoch 88 ===
  Class                 Prec    Recall        F1   Support
  DDoS                0.5430    0.9987    0.7035     38404
  DoS                 0.8486    0.9262    0.8857     58124
  NormalTraffic       0.9986    0.9070    0.9506    628518
  PortScan            0.5743    0.9985    0.7292     27208
  macro avg           0.7411    0.9576    0.8172    752254
  Accuracy (train classes): 0.9165   train=0.9988   gap=+0.0823   holdout=3972


[20:07:21] epoch  89  step   3100  lr=2.99e-02  loss=0.2385   
[20:07:21] === Epoch 89 ===
  Class                 Prec    Recall        F1   Support
  DDoS                0.5328    0.9987    0.6949     38404
  DoS                 0.8600    0.9264    0.8919     58124
  NormalTraffic       0.9985    0.9087    0.9515    628518
  PortScan            0.5948    0.9985    0.7455     27208
  macro avg           0.7465    0.9581    0.8209    752254
  Accuracy (train classes): 0.9179   train=0.9988   gap=+0.0809   holdout=3972


[20:07:21] === Epoch 90 ===
  Class                 Prec    Recall        F1   Support
  DDoS                0.5401    0.9987    0.7011     38404
  DoS                 0.8625    0.9266    0.8934     58124
  NormalTraffic       0.9985    0.9075    0.9509    628518
  PortScan            0.5712    0.9985    0.7267     27208
  macro avg           0.7431    0.9578    0.8180    752254
  Accuracy (train classes): 0.9170   train=0.9988   gap=+0.0819   holdout=3972


[20:07:22] === Epoch 91 ===
  Class                 Prec    Recall        F1   Support
  DDoS                0.5377    0.9987    0.6991     38404
  DoS                 0.8638    0.9262    0.8939     58124
  NormalTraffic       0.9985    0.9001    0.9467    628518
  PortScan            0.5221    0.9986    0.6857     27208
  macro avg           0.7305    0.9559    0.8064    752254
  Accuracy (train classes): 0.9107   train=0.9988   gap=+0.0881   holdout=3972


[20:07:22] epoch  92  step   3200  lr=2.88e-02  loss=0.2243   
[20:07:22] === Epoch 92 ===
  Class                 Prec    Recall        F1   Support
  DDoS                0.5365    0.9987    0.6980     38404
  DoS                 0.8648    0.9261    0.8944     58124
  NormalTraffic       0.9985    0.9101    0.9522    628518
  PortScan            0.5949    0.9983    0.7455     27208
  macro avg           0.7487    0.9583    0.8225    752254
  Accuracy (train classes): 0.9190   train=0.9988   gap=+0.0798   holdout=3972


[20:07:22] === Epoch 93 ===
  Class                 Prec    Recall        F1   Support
  DDoS                0.5368    0.9987    0.6983     38404
  DoS                 0.8525    0.9261    0.8878     58124
  NormalTraffic       0.9985    0.9082    0.9512    628518
  PortScan            0.5910    0.9983    0.7424     27208
  macro avg           0.7447    0.9578    0.8199    752254
  Accuracy (train classes): 0.9175   train=0.9988   gap=+0.0813   holdout=3972


[20:07:22] === Epoch 94 ===
  Class                 Prec    Recall        F1   Support
  DDoS                0.5434    0.9987    0.7039     38404
  DoS                 0.8618    0.9262    0.8929     58124
  NormalTraffic       0.9985    0.9113    0.9529    628518
  PortScan            0.5959    0.9983    0.7463     27208
  macro avg           0.7499    0.9586    0.8240    752254
  Accuracy (train classes): 0.9201   train=0.9988   gap=+0.0788   holdout=3972


[20:07:22] epoch  95  step   3300  lr=2.77e-02  loss=0.2230   
[20:07:22] === Epoch 95 ===
  Class                 Prec    Recall        F1   Support
  DDoS                0.5421    0.9987    0.7027     38404
  DoS                 0.8593    0.9268    0.8918     58124
  NormalTraffic       0.9986    0.9106    0.9526    628518
  PortScan            0.5950    0.9982    0.7456     27208
  macro avg           0.7487    0.9586    0.8232    752254
  Accuracy (train classes): 0.9195   train=0.9988   gap=+0.0793   holdout=3972


[20:07:22] === Epoch 96 ===
  Class                 Prec    Recall        F1   Support
  DDoS                0.5372    0.9987    0.6986     38404
  DoS                 0.8601    0.9264    0.8920     58124
  NormalTraffic       0.9985    0.9097    0.9521    628518
  PortScan            0.5950    0.9981    0.7455     27208
  macro avg           0.7477    0.9582    0.8221    752254
  Accuracy (train classes): 0.9187   train=0.9988   gap=+0.0801   holdout=3972


[20:07:22] === Epoch 97 ===
  Class                 Prec    Recall        F1   Support
  DDoS                0.5341    0.9987    0.6960     38404
  DoS                 0.8604    0.9258    0.8919     58124
  NormalTraffic       0.9985    0.8877    0.9399    628518
  PortScan            0.4594    0.9984    0.6293     27208
  macro avg           0.7131    0.9526    0.7892    752254
  Accuracy (train classes): 0.9003   train=0.9988   gap=+0.0985   holdout=3972


[20:07:22] epoch  98  step   3400  lr=2.66e-02  loss=0.2252   
[20:07:22] === Epoch 98 ===
  Class                 Prec    Recall        F1   Support
  DDoS                0.5421    0.9987    0.7027     38404
  DoS                 0.8538    0.9263    0.8886     58124
  NormalTraffic       0.9985    0.9080    0.9511    628518
  PortScan            0.5792    0.9983    0.7331     27208
  macro avg           0.7434    0.9578    0.8189    752254
  Accuracy (train classes): 0.9173   train=0.9988   gap=+0.0815   holdout=3972


[20:07:22] === Epoch 99 ===
  Class                 Prec    Recall        F1   Support
  DDoS                0.5383    0.9987    0.6996     38404
  DoS                 0.8601    0.9263    0.8920     58124
  NormalTraffic       0.9985    0.9100    0.9522    628518
  PortScan            0.5957    0.9981    0.7461     27208
  macro avg           0.7482    0.9583    0.8225    752254
  Accuracy (train classes): 0.9190   train=0.9988   gap=+0.0798   holdout=3972


[20:07:22] epoch 100  step   3500  lr=2.55e-02  loss=0.2339   
[20:07:22] === Epoch 100 ===
  Class                 Prec    Recall        F1   Support
  DDoS                0.5382    0.9987    0.6995     38404
  DoS                 0.8473    0.9262    0.8850     58124
  NormalTraffic       0.9985    0.9077    0.9509    628518
  PortScan            0.5887    0.9980    0.7406     27208
  macro avg           0.7432    0.9577    0.8190    752254
  Accuracy (train classes): 0.9170   train=0.9988   gap=+0.0818   holdout=3972


[20:07:22] === Epoch 101 ===
  Class                 Prec    Recall        F1   Support
  DDoS                0.5366    0.9987    0.6981     38404
  DoS                 0.8529    0.9263    0.8881     58124
  NormalTraffic       0.9985    0.9092    0.9518    628518
  PortScan            0.5989    0.9981    0.7486     27208
  macro avg           0.7467    0.9581    0.8217    752254
  Accuracy (train classes): 0.9183   train=0.9988   gap=+0.0805   holdout=3972


[20:07:22] === Epoch 102 ===
  Class                 Prec    Recall        F1   Support
  DDoS                0.5447    0.9987    0.7049     38404
  DoS                 0.8473    0.9267    0.8852     58124
  NormalTraffic       0.9986    0.9073    0.9507    628518
  PortScan            0.5754    0.9983    0.7300     27208
  macro avg           0.7415    0.9578    0.8177    752254
  Accuracy (train classes): 0.9167   train=0.9988   gap=+0.0821   holdout=3972


[20:07:22] epoch 103  step   3600  lr=2.44e-02  loss=0.2240   
[20:07:22] === Epoch 103 ===
  Class                 Prec    Recall        F1   Support
  DDoS                0.5391    0.9987    0.7003     38404
  DoS                 0.8502    0.9263    0.8866     58124
  NormalTraffic       0.9985    0.9084    0.9513    628518
  PortScan            0.5904    0.9983    0.7420     27208
  macro avg           0.7446    0.9579    0.8200    752254
  Accuracy (train classes): 0.9176   train=0.9988   gap=+0.0812   holdout=3972


[20:07:22] === Epoch 104 ===
  Class                 Prec    Recall        F1   Support
  DDoS                0.5430    0.9987    0.7035     38404
  DoS                 0.8513    0.9346    0.8910     58124
  NormalTraffic       0.9985    0.9102    0.9523    628518
  PortScan            0.6051    0.9981    0.7534     27208
  macro avg           0.7495    0.9604    0.8251    752254
  Accuracy (train classes): 0.9198   train=0.9988   gap=+0.0790   holdout=3972


[20:07:22] === Epoch 105 ===
  Class                 Prec    Recall        F1   Support
  DDoS                0.5457    0.9987    0.7058     38404
  DoS                 0.8629    0.9266    0.8936     58124
  NormalTraffic       0.9985    0.9103    0.9524    628518
  PortScan            0.5830    0.9985    0.7362     27208
  macro avg           0.7475    0.9585    0.8220    752254
  Accuracy (train classes): 0.9192   train=0.9988   gap=+0.0796   holdout=3972


[20:07:22] epoch 106  step   3700  lr=2.33e-02  loss=0.2210   
[20:07:22] === Epoch 106 ===
  Class                 Prec    Recall        F1   Support
  DDoS                0.5480    0.9987    0.7077     38404
  DoS                 0.8489    0.9266    0.8861     58124
  NormalTraffic       0.9986    0.9039    0.9489    628518
  PortScan            0.5444    0.9986    0.7046     27208
  macro avg           0.7350    0.9569    0.8118    752254
  Accuracy (train classes): 0.9139   train=0.9988   gap=+0.0849   holdout=3972


[20:07:22] === Epoch 107 ===
  Class                 Prec    Recall        F1   Support
  DDoS                0.5444    0.9987    0.7047     38404
  DoS                 0.8615    0.9263    0.8927     58124
  NormalTraffic       0.9985    0.9111    0.9528    628518
  PortScan            0.5932    0.9983    0.7442     27208
  macro avg           0.7494    0.9586    0.8236    752254
  Accuracy (train classes): 0.9199   train=0.9988   gap=+0.0789   holdout=3972


[20:07:23] === Epoch 108 ===
  Class                 Prec    Recall        F1   Support
  DDoS                0.5395    0.9987    0.7006     38404
  DoS                 0.8608    0.9263    0.8924     58124
  NormalTraffic       0.9985    0.9119    0.9533    628518
  PortScan            0.6089    0.9982    0.7564     27208
  macro avg           0.7520    0.9588    0.8257    752254
  Accuracy (train classes): 0.9206   train=0.9988   gap=+0.0782   holdout=3972


[20:07:23] epoch 109  step   3800  lr=2.22e-02  loss=0.2056   
[20:07:23] === Epoch 109 ===
  Class                 Prec    Recall        F1   Support
  DDoS                0.5354    0.9987    0.6971     38404
  DoS                 0.8640    0.9261    0.8940     58124
  NormalTraffic       0.9985    0.9099    0.9521    628518
  PortScan            0.5961    0.9981    0.7464     27208
  macro avg           0.7485    0.9582    0.8224    752254
  Accuracy (train classes): 0.9189   train=0.9988   gap=+0.0799   holdout=3972


[20:07:23] === Epoch 110 ===
  Class                 Prec    Recall        F1   Support
  DDoS                0.5410    0.9987    0.7018     38404
  DoS                 0.8600    0.9349    0.8959     58124
  NormalTraffic       0.9985    0.9112    0.9528    628518
  PortScan            0.6081    0.9981    0.7557     27208
  macro avg           0.7519    0.9607    0.8266    752254
  Accuracy (train classes): 0.9206   train=0.9988   gap=+0.0782   holdout=3972


[20:07:23] === Epoch 111 ===
  Class                 Prec    Recall        F1   Support
  DDoS                0.5392    0.9987    0.7003     38404
  DoS                 0.8628    0.9262    0.8934     58124
  NormalTraffic       0.9985    0.9102    0.9523    628518
  PortScan            0.5928    0.9981    0.7438     27208
  macro avg           0.7483    0.9583    0.8225    752254
  Accuracy (train classes): 0.9191   train=0.9988   gap=+0.0797   holdout=3972


[20:07:23] epoch 112  step   3900  lr=2.11e-02  loss=0.2142   
[20:07:23] === Epoch 112 ===
  Class                 Prec    Recall        F1   Support
  DDoS                0.5306    0.9987    0.6930     38404
  DoS                 0.8615    0.9263    0.8927     58124
  NormalTraffic       0.9985    0.9084    0.9513    628518
  PortScan            0.5948    0.9982    0.7454     27208
  macro avg           0.7464    0.9579    0.8206    752254
  Accuracy (train classes): 0.9177   train=0.9988   gap=+0.0811   holdout=3972


[20:07:23] === Epoch 113 ===
  Class                 Prec    Recall        F1   Support
  DDoS                0.5301    0.9987    0.6926     38404
  DoS                 0.8616    0.9261    0.8927     58124
  NormalTraffic       0.9985    0.9081    0.9511    628518
  PortScan            0.5925    0.9980    0.7436     27208
  macro avg           0.7457    0.9577    0.8200    752254
  Accuracy (train classes): 0.9173   train=0.9988   gap=+0.0815   holdout=3972


[20:07:23] === Epoch 114 ===
  Class                 Prec    Recall        F1   Support
  DDoS                0.5361    0.9987    0.6977     38404
  DoS                 0.8547    0.9264    0.8891     58124
  NormalTraffic       0.9985    0.9087    0.9515    628518
  PortScan            0.5938    0.9981    0.7446     27208
  macro avg           0.7458    0.9580    0.8207    752254
  Accuracy (train classes): 0.9179   train=0.9988   gap=+0.0809   holdout=3972


[20:07:23] epoch 115  step   4000  lr=2.00e-02  loss=0.2058   
[20:07:23] === Epoch 115 ===
  Class                 Prec    Recall        F1   Support
  DDoS                0.5394    0.9987    0.7005     38404
  DoS                 0.8550    0.9265    0.8893     58124
  NormalTraffic       0.9985    0.9105    0.9525    628518
  PortScan            0.6026    0.9981    0.7515     27208
  macro avg           0.7489    0.9585    0.8234    752254
  Accuracy (train classes): 0.9194   train=0.9988   gap=+0.0794   holdout=3972


[20:07:23] === Epoch 116 ===
  Class                 Prec    Recall        F1   Support
  DDoS                0.5361    0.9987    0.6977     38404
  DoS                 0.8611    0.9265    0.8926     58124
  NormalTraffic       0.9985    0.9099    0.9522    628518
  PortScan            0.5977    0.9981    0.7477     27208
  macro avg           0.7484    0.9583    0.8225    752254
  Accuracy (train classes): 0.9189   train=0.9988   gap=+0.0799   holdout=3972

  Early stopping: no improvement > 0.0001 for 30 epochs.


[20:07:23] Training complete.  Best test acc=0.9205
